2019-04-01 20:30:50,739 [Worker-0: Loading available Gradle versions] INFO  o.e.b.c.i.u.g.PublishedGradleVersions - Gradle version information cache is up-to-date. Trying to read.
2019-04-02 18:44:52,524 [Worker-8: Loading available Gradle versions] INFO  o.e.b.c.i.u.g.PublishedGradleVersions - Gradle version information cache is out-of-date. Trying to update.
2019-04-03 08:31:02,689 [Worker-3: Loading available Gradle versions] INFO  o.e.b.c.i.u.g.PublishedGradleVersions - Gradle version information cache is up-to-date. Trying to read.
2019-04-03 18:31:26,070 [Worker-6: Loading available Gradle versions] INFO  o.e.b.c.i.u.g.PublishedGradleVersions - Gradle version information cache is up-to-date. Trying to read.
2019-04-03 19:44:27,087 [Worker-15: Importing Maven projects] INFO  o.e.m.c.i.l.LifecycleMappingFactory - Using NULL lifecycle mapping for MavenProject: com.hbt.semillero:semillero-padre:1.0-SNAPSHOT @ C:\Users\USUARIO\Documents\ambiente\semilleroHBT\ambiente\semillero-hbt\semillero-padre\pom.xml.
2019-04-03 19:44:42,261 [Worker-15: Importing Maven projects] INFO  o.e.m.c.i.l.LifecycleMappingFactory - Using org.maven.ide.eclipse.wtp.WarLifecycleMapping lifecycle mapping for MavenProject: com.hbt.semillero.servicios:semillero-servicios:1.0-SNAPSHOT @ C:\Users\USUARIO\Documents\ambiente\semilleroHBT\ambiente\semillero-hbt\semillero-padre\semillero-servicios\pom.xml.
2019-04-03 19:44:43,446 [Worker-15: Importing Maven projects] INFO  o.e.m.c.i.l.LifecycleMappingFactory - Using org.maven.ide.eclipse.wtp.WarLifecycleMapping lifecycle mapping for MavenProject: com.hbt.semillero.web:semillero-web:1.0-SNAPSHOT @ C:\Users\USUARIO\Documents\ambiente\semilleroHBT\ambiente\semillero-hbt\semillero-padre\semillero-web\pom.xml.
2019-04-03 19:44:43,822 [Worker-15: Importing Maven projects] INFO  o.e.m.c.i.l.LifecycleMappingFactory - Using org.maven.ide.eclipse.wtp.EarLifecycleMapping lifecycle mapping for MavenProject: com.hbt.semillero:semillero-ear:1.0-SNAPSHOT @ C:\Users\USUARIO\Documents\ambiente\semilleroHBT\ambiente\semillero-hbt\semillero-padre\semillero-ear\pom.xml.
2019-04-03 19:44:43,844 [Worker-15: Importing Maven projects] INFO  o.e.m.c.i.p.WorkspaceClassifierResolverManager - Resolving P/semillero-web: com.hbt.semillero.web:semillero-web:1.0-SNAPSHOT with classifier  to /semillero-web/target/classes
2019-04-03 19:44:43,844 [Worker-15: Importing Maven projects] INFO  o.e.m.c.i.p.WorkspaceClassifierResolverManager - Resolving P/semillero-servicios: com.hbt.semillero.servicios:semillero-servicios:1.0-SNAPSHOT with classifier  to /semillero-servicios/target/classes
2019-04-03 19:44:57,422 [Worker-15: Importing Maven projects] INFO  o.e.m.c.i.p.WorkspaceClassifierResolverManager - Resolving P/semillero-web: com.hbt.semillero.web:semillero-web:1.0-SNAPSHOT with classifier  to /semillero-web/target/classes
2019-04-03 19:44:57,422 [Worker-15: Importing Maven projects] INFO  o.e.m.c.i.p.WorkspaceClassifierResolverManager - Resolving P/semillero-servicios: com.hbt.semillero.servicios:semillero-servicios:1.0-SNAPSHOT with classifier  to /semillero-servicios/target/classes
2019-04-03 19:45:04,593 [Worker-15: Importing Maven projects] INFO  o.e.m.c.i.embedder.EclipseLogger - Generating application.xml
2019-04-03 19:45:10,725 [Worker-15: Importing Maven projects] INFO  o.e.m.j.i.AbstractJavaProjectConfigurator - Adding source folder /semillero-servicios/src/main/java
2019-04-03 19:45:10,726 [Worker-15: Importing Maven projects] INFO  o.e.m.j.i.AbstractJavaProjectConfigurator - Adding resource folder /semillero-servicios/src/main/resources
2019-04-03 19:45:10,727 [Worker-15: Importing Maven projects] INFO  o.e.m.j.i.AbstractJavaProjectConfigurator - Adding source folder /semillero-servicios/src/test/java
2019-04-03 19:45:11,965 [Worker-15: Importing Maven projects] INFO  o.e.m.j.i.AbstractJavaProjectConfigurator - Adding source folder /semillero-web/src/main/java
2019-04-03 19:45:11,966 [Worker-15: Importing Maven projects] INFO  o.e.m.j.i.AbstractJavaProjectConfigurator - Adding source folder /semillero-web/src/test/java
2019-04-03 19:45:12,800 [Worker-15: Importing Maven projects] INFO  o.e.m.c.i.embedder.EclipseLogger - Generating application.xml
2019-04-03 19:45:13,021 [Worker-15: Importing Maven projects] INFO  o.e.m.c.i.p.ProjectConfigurationManager - Imported and configured 4 project(s) in 67 sec
2019-04-03 19:45:21,034 [Worker-9: Building workspace] INFO  o.e.m.c.i.p.WorkspaceClassifierResolverManager - Resolving P/semillero-web: com.hbt.semillero.web:semillero-web:1.0-SNAPSHOT with classifier  to /semillero-web/target/classes
2019-04-03 19:45:21,035 [Worker-9: Building workspace] INFO  o.e.m.c.i.p.WorkspaceClassifierResolverManager - Resolving P/semillero-servicios: com.hbt.semillero.servicios:semillero-servicios:1.0-SNAPSHOT with classifier  to /semillero-servicios/target/classes
2019-04-03 19:45:21,042 [Worker-9: Building workspace] INFO  o.e.m.w.i.f.ResourceFilteringBuildParticipant - Executing resource filtering for semillero-ear
2019-04-03 19:45:21,092 [Worker-9: Building workspace] WARN  o.e.m.c.i.embedder.EclipseLogger - The POM for org.apache.maven.plugins:maven-install-plugin:jar:2.4 is missing, no dependency information available
2019-04-03 19:45:21,533 [Worker-9: Building workspace] INFO  o.e.m.c.i.embedder.EclipseLogger - Using 'UTF-8' encoding to copy filtered resources.
2019-04-03 19:45:21,542 [Worker-9: Building workspace] INFO  o.e.m.c.i.embedder.EclipseLogger - skip non existing resourceDirectory C:\Users\USUARIO\Documents\ambiente\semilleroHBT\ambiente\semillero-hbt\semillero-padre\semillero-ear\src\main\resources
2019-04-03 19:45:24,810 [Worker-9: Building workspace] INFO  o.e.m.c.i.embedder.EclipseLogger - Using 'UTF-8' encoding to copy filtered resources.
2019-04-03 19:45:25,009 [Worker-9: Building workspace] INFO  o.e.m.c.i.embedder.EclipseLogger - Copying 1 resource
2019-04-03 19:45:25,064 [Worker-9: Building workspace] INFO  o.e.m.c.i.embedder.EclipseLogger - Not copying test resources
2019-04-03 19:45:25,469 [Worker-9: Building workspace] INFO  o.e.m.c.i.embedder.EclipseLogger - Using 'UTF-8' encoding to copy filtered resources.
2019-04-03 19:45:25,469 [Worker-9: Building workspace] INFO  o.e.m.c.i.embedder.EclipseLogger - skip non existing resourceDirectory C:\Users\USUARIO\Documents\ambiente\semilleroHBT\ambiente\semillero-hbt\semillero-padre\semillero-web\src\main\resources
2019-04-03 19:45:25,492 [Worker-9: Building workspace] INFO  o.e.m.c.i.embedder.EclipseLogger - Not copying test resources
2019-04-03 19:45:25,494 [Worker-9: Building workspace] INFO  o.e.m.c.i.embedder.EclipseLogger - Using 'UTF-8' encoding to copy filtered resources.
2019-04-03 19:45:25,502 [Worker-9: Building workspace] INFO  o.e.m.c.i.embedder.EclipseLogger - skip non existing resourceDirectory C:\Users\USUARIO\Documents\ambiente\semilleroHBT\ambiente\semillero-hbt\semillero-padre\semillero-web\src\main\angular\dist
2019-04-03 19:58:35,169 [Worker-1: Loading available Gradle versions] INFO  o.e.b.c.i.u.g.PublishedGradleVersions - Gradle version information cache is out-of-date. Trying to update.
2019-04-03 20:20:55,874 [Worker-14: Building workspace] INFO  o.e.m.c.i.embedder.EclipseLogger - Using 'UTF-8' encoding to copy filtered resources.
2019-04-03 20:20:55,876 [Worker-14: Building workspace] INFO  o.e.m.c.i.embedder.EclipseLogger - skip non existing resourceDirectory C:\Users\USUARIO\Documents\ambiente\semilleroHBT\ambiente\semillero-hbt\semillero-padre\semillero-web\src\main\resources
2019-04-03 20:20:55,878 [Worker-14: Building workspace] INFO  o.e.m.c.i.embedder.EclipseLogger - Not copying test resources
2019-04-03 20:20:55,885 [Worker-14: Building workspace] INFO  o.e.m.c.i.embedder.EclipseLogger - Using 'UTF-8' encoding to copy filtered resources.
2019-04-03 20:20:55,885 [Worker-14: Building workspace] INFO  o.e.m.c.i.embedder.EclipseLogger - skip non existing resourceDirectory C:\Users\USUARIO\Documents\ambiente\semilleroHBT\ambiente\semillero-hbt\semillero-padre\semillero-web\src\main\angular\dist
2019-04-03 20:27:25,585 [Worker-14: Building workspace] INFO  o.e.m.c.i.embedder.EclipseLogger - Using 'UTF-8' encoding to copy filtered resources.
2019-04-03 20:27:25,586 [Worker-14: Building workspace] INFO  o.e.m.c.i.embedder.EclipseLogger - skip non existing resourceDirectory C:\Users\USUARIO\Documents\ambiente\semilleroHBT\ambiente\semillero-hbt\semillero-padre\semillero-web\src\main\resources
2019-04-03 20:27:25,594 [Worker-14: Building workspace] INFO  o.e.m.c.i.embedder.EclipseLogger - Not copying test resources
2019-04-03 20:27:25,605 [Worker-14: Building workspace] INFO  o.e.m.c.i.embedder.EclipseLogger - Using 'UTF-8' encoding to copy filtered resources.
2019-04-03 20:27:25,605 [Worker-14: Building workspace] INFO  o.e.m.c.i.embedder.EclipseLogger - skip non existing resourceDirectory C:\Users\USUARIO\Documents\ambiente\semilleroHBT\ambiente\semillero-hbt\semillero-padre\semillero-web\src\main\angular\dist
2019-04-03 20:34:06,825 [Worker-7: Building workspace] INFO  o.e.m.c.i.embedder.EclipseLogger - Using 'UTF-8' encoding to copy filtered resources.
2019-04-03 20:34:06,826 [Worker-7: Building workspace] INFO  o.e.m.c.i.embedder.EclipseLogger - skip non existing resourceDirectory C:\Users\USUARIO\Documents\ambiente\semilleroHBT\ambiente\semillero-hbt\semillero-padre\semillero-web\src\main\resources
2019-04-03 20:34:06,831 [Worker-7: Building workspace] INFO  o.e.m.c.i.embedder.EclipseLogger - Not copying test resources
2019-04-03 20:34:06,834 [Worker-7: Building workspace] INFO  o.e.m.c.i.embedder.EclipseLogger - Using 'UTF-8' encoding to copy filtered resources.
2019-04-03 20:34:06,834 [Worker-7: Building workspace] INFO  o.e.m.c.i.embedder.EclipseLogger - skip non existing resourceDirectory C:\Users\USUARIO\Documents\ambiente\semilleroHBT\ambiente\semillero-hbt\semillero-padre\semillero-web\src\main\angular\dist
2019-04-03 20:34:23,072 [Worker-15: Building workspace] INFO  o.e.m.c.i.embedder.EclipseLogger - Using 'UTF-8' encoding to copy filtered resources.
2019-04-03 20:34:23,073 [Worker-15: Building workspace] INFO  o.e.m.c.i.embedder.EclipseLogger - skip non existing resourceDirectory C:\Users\USUARIO\Documents\ambiente\semilleroHBT\ambiente\semillero-hbt\semillero-padre\semillero-web\src\main\resources
2019-04-03 20:34:23,076 [Worker-15: Building workspace] INFO  o.e.m.c.i.embedder.EclipseLogger - Not copying test resources
2019-04-03 20:34:23,080 [Worker-15: Building workspace] INFO  o.e.m.c.i.embedder.EclipseLogger - Using 'UTF-8' encoding to copy filtered resources.
2019-04-03 20:34:23,096 [Worker-15: Building workspace] INFO  o.e.m.c.i.embedder.EclipseLogger - skip non existing resourceDirectory C:\Users\USUARIO\Documents\ambiente\semilleroHBT\ambiente\semillero-hbt\semillero-padre\semillero-web\src\main\angular\dist
2019-04-03 20:34:44,864 [Worker-15: Building workspace] INFO  o.e.m.c.i.embedder.EclipseLogger - Using 'UTF-8' encoding to copy filtered resources.
2019-04-03 20:34:44,902 [Worker-15: Building workspace] INFO  o.e.m.c.i.embedder.EclipseLogger - skip non existing resourceDirectory C:\Users\USUARIO\Documents\ambiente\semilleroHBT\ambiente\semillero-hbt\semillero-padre\semillero-web\src\main\resources
2019-04-03 20:34:44,935 [Worker-15: Building workspace] INFO  o.e.m.c.i.embedder.EclipseLogger - Not copying test resources
2019-04-03 20:34:44,966 [Worker-15: Building workspace] INFO  o.e.m.c.i.embedder.EclipseLogger - Using 'UTF-8' encoding to copy filtered resources.
2019-04-03 20:34:44,966 [Worker-15: Building workspace] INFO  o.e.m.c.i.embedder.EclipseLogger - skip non existing resourceDirectory C:\Users\USUARIO\Documents\ambiente\semilleroHBT\ambiente\semillero-hbt\semillero-padre\semillero-web\src\main\angular\dist
2019-04-03 20:35:35,726 [Worker-11: Building workspace] INFO  o.e.m.c.i.embedder.EclipseLogger - Using 'UTF-8' encoding to copy filtered resources.
2019-04-03 20:35:35,726 [Worker-11: Building workspace] INFO  o.e.m.c.i.embedder.EclipseLogger - skip non existing resourceDirectory C:\Users\USUARIO\Documents\ambiente\semilleroHBT\ambiente\semillero-hbt\semillero-padre\semillero-web\src\main\resources
2019-04-03 20:35:35,744 [Worker-11: Building workspace] INFO  o.e.m.c.i.embedder.EclipseLogger - Not copying test resources
2019-04-03 20:35:35,758 [Worker-11: Building workspace] INFO  o.e.m.c.i.embedder.EclipseLogger - Using 'UTF-8' encoding to copy filtered resources.
2019-04-03 20:35:35,769 [Worker-11: Building workspace] INFO  o.e.m.c.i.embedder.EclipseLogger - skip non existing resourceDirectory C:\Users\USUARIO\Documents\ambiente\semilleroHBT\ambiente\semillero-hbt\semillero-padre\semillero-web\src\main\angular\dist
2019-04-03 20:40:11,085 [Worker-15: Building workspace] INFO  o.e.m.c.i.embedder.EclipseLogger - Using 'UTF-8' encoding to copy filtered resources.
2019-04-03 20:40:11,109 [Worker-15: Building workspace] INFO  o.e.m.c.i.embedder.EclipseLogger - skip non existing resourceDirectory C:\Users\USUARIO\Documents\ambiente\semilleroHBT\ambiente\semillero-hbt\semillero-padre\semillero-web\src\main\resources
2019-04-03 20:40:11,121 [Worker-15: Building workspace] INFO  o.e.m.c.i.embedder.EclipseLogger - Not copying test resources
2019-04-03 20:40:11,139 [Worker-15: Building workspace] INFO  o.e.m.c.i.embedder.EclipseLogger - Using 'UTF-8' encoding to copy filtered resources.
2019-04-03 20:40:11,139 [Worker-15: Building workspace] INFO  o.e.m.c.i.embedder.EclipseLogger - skip non existing resourceDirectory C:\Users\USUARIO\Documents\ambiente\semilleroHBT\ambiente\semillero-hbt\semillero-padre\semillero-web\src\main\angular\dist
2019-04-03 20:40:26,231 [Worker-5: Building workspace] INFO  o.e.m.c.i.embedder.EclipseLogger - Using 'UTF-8' encoding to copy filtered resources.
2019-04-03 20:40:26,231 [Worker-5: Building workspace] INFO  o.e.m.c.i.embedder.EclipseLogger - skip non existing resourceDirectory C:\Users\USUARIO\Documents\ambiente\semilleroHBT\ambiente\semillero-hbt\semillero-padre\semillero-web\src\main\resources
2019-04-03 20:40:26,233 [Worker-5: Building workspace] INFO  o.e.m.c.i.embedder.EclipseLogger - Not copying test resources
2019-04-03 20:40:26,235 [Worker-5: Building workspace] INFO  o.e.m.c.i.embedder.EclipseLogger - Using 'UTF-8' encoding to copy filtered resources.
2019-04-03 20:40:26,296 [Worker-5: Building workspace] INFO  o.e.m.c.i.embedder.EclipseLogger - skip non existing resourceDirectory C:\Users\USUARIO\Documents\ambiente\semilleroHBT\ambiente\semillero-hbt\semillero-padre\semillero-web\src\main\angular\dist
2019-04-03 20:40:45,432 [Worker-16: Building workspace] INFO  o.e.m.c.i.embedder.EclipseLogger - Using 'UTF-8' encoding to copy filtered resources.
2019-04-03 20:40:45,514 [Worker-16: Building workspace] INFO  o.e.m.c.i.embedder.EclipseLogger - skip non existing resourceDirectory C:\Users\USUARIO\Documents\ambiente\semilleroHBT\ambiente\semillero-hbt\semillero-padre\semillero-web\src\main\resources
2019-04-03 20:40:45,531 [Worker-16: Building workspace] INFO  o.e.m.c.i.embedder.EclipseLogger - Not copying test resources
2019-04-03 20:40:45,555 [Worker-16: Building workspace] INFO  o.e.m.c.i.embedder.EclipseLogger - Using 'UTF-8' encoding to copy filtered resources.
2019-04-03 20:40:45,555 [Worker-16: Building workspace] INFO  o.e.m.c.i.embedder.EclipseLogger - skip non existing resourceDirectory C:\Users\USUARIO\Documents\ambiente\semilleroHBT\ambiente\semillero-hbt\semillero-padre\semillero-web\src\main\angular\dist
2019-04-03 20:40:58,351 [Worker-14: Building workspace] INFO  o.e.m.c.i.embedder.EclipseLogger - Using 'UTF-8' encoding to copy filtered resources.
2019-04-03 20:40:58,352 [Worker-14: Building workspace] INFO  o.e.m.c.i.embedder.EclipseLogger - skip non existing resourceDirectory C:\Users\USUARIO\Documents\ambiente\semilleroHBT\ambiente\semillero-hbt\semillero-padre\semillero-web\src\main\resources
2019-04-03 20:40:58,363 [Worker-14: Building workspace] INFO  o.e.m.c.i.embedder.EclipseLogger - Not copying test resources
2019-04-03 20:40:58,374 [Worker-14: Building workspace] INFO  o.e.m.c.i.embedder.EclipseLogger - Using 'UTF-8' encoding to copy filtered resources.
2019-04-03 20:40:58,385 [Worker-14: Building workspace] INFO  o.e.m.c.i.embedder.EclipseLogger - skip non existing resourceDirectory C:\Users\USUARIO\Documents\ambiente\semilleroHBT\ambiente\semillero-hbt\semillero-padre\semillero-web\src\main\angular\dist
2019-04-03 20:41:11,150 [Worker-14: Building workspace] INFO  o.e.m.c.i.embedder.EclipseLogger - Using 'UTF-8' encoding to copy filtered resources.
2019-04-03 20:41:11,173 [Worker-14: Building workspace] INFO  o.e.m.c.i.embedder.EclipseLogger - skip non existing resourceDirectory C:\Users\USUARIO\Documents\ambiente\semilleroHBT\ambiente\semillero-hbt\semillero-padre\semillero-web\src\main\resources
2019-04-03 20:41:11,185 [Worker-14: Building workspace] INFO  o.e.m.c.i.embedder.EclipseLogger - Not copying test resources
2019-04-03 20:41:11,198 [Worker-14: Building workspace] INFO  o.e.m.c.i.embedder.EclipseLogger - Using 'UTF-8' encoding to copy filtered resources.
2019-04-03 20:41:11,198 [Worker-14: Building workspace] INFO  o.e.m.c.i.embedder.EclipseLogger - skip non existing resourceDirectory C:\Users\USUARIO\Documents\ambiente\semilleroHBT\ambiente\semillero-hbt\semillero-padre\semillero-web\src\main\angular\dist
2019-04-03 20:41:27,075 [Worker-17: Building workspace] INFO  o.e.m.c.i.embedder.EclipseLogger - Using 'UTF-8' encoding to copy filtered resources.
2019-04-03 20:41:27,076 [Worker-17: Building workspace] INFO  o.e.m.c.i.embedder.EclipseLogger - skip non existing resourceDirectory C:\Users\USUARIO\Documents\ambiente\semilleroHBT\ambiente\semillero-hbt\semillero-padre\semillero-web\src\main\resources
2019-04-03 20:41:27,077 [Worker-17: Building workspace] INFO  o.e.m.c.i.embedder.EclipseLogger - Not copying test resources
2019-04-03 20:41:27,080 [Worker-17: Building workspace] INFO  o.e.m.c.i.embedder.EclipseLogger - Using 'UTF-8' encoding to copy filtered resources.
2019-04-03 20:41:27,081 [Worker-17: Building workspace] INFO  o.e.m.c.i.embedder.EclipseLogger - skip non existing resourceDirectory C:\Users\USUARIO\Documents\ambiente\semilleroHBT\ambiente\semillero-hbt\semillero-padre\semillero-web\src\main\angular\dist
2019-04-03 20:53:41,775 [Worker-0: Building workspace] INFO  o.e.m.c.i.embedder.EclipseLogger - Using 'UTF-8' encoding to copy filtered resources.
2019-04-03 20:53:41,775 [Worker-0: Building workspace] INFO  o.e.m.c.i.embedder.EclipseLogger - skip non existing resourceDirectory C:\Users\USUARIO\Documents\ambiente\semilleroHBT\ambiente\semillero-hbt\semillero-padre\semillero-web\src\main\resources
2019-04-03 20:53:41,776 [Worker-0: Building workspace] INFO  o.e.m.c.i.embedder.EclipseLogger - Not copying test resources
2019-04-03 20:53:41,829 [Worker-0: Building workspace] INFO  o.e.m.c.i.embedder.EclipseLogger - Using 'UTF-8' encoding to copy filtered resources.
2019-04-03 20:53:41,829 [Worker-0: Building workspace] INFO  o.e.m.c.i.embedder.EclipseLogger - skip non existing resourceDirectory C:\Users\USUARIO\Documents\ambiente\semilleroHBT\ambiente\semillero-hbt\semillero-padre\semillero-web\src\main\angular\dist
2019-04-03 20:56:48,134 [Worker-0: Building workspace] INFO  o.e.m.c.i.embedder.EclipseLogger - Using 'UTF-8' encoding to copy filtered resources.
2019-04-03 20:56:48,134 [Worker-0: Building workspace] INFO  o.e.m.c.i.embedder.EclipseLogger - skip non existing resourceDirectory C:\Users\USUARIO\Documents\ambiente\semilleroHBT\ambiente\semillero-hbt\semillero-padre\semillero-web\src\main\resources
2019-04-03 20:56:48,175 [Worker-0: Building workspace] INFO  o.e.m.c.i.embedder.EclipseLogger - Not copying test resources
2019-04-03 20:56:48,186 [Worker-0: Building workspace] INFO  o.e.m.c.i.embedder.EclipseLogger - Using 'UTF-8' encoding to copy filtered resources.
2019-04-03 20:56:48,196 [Worker-0: Building workspace] INFO  o.e.m.c.i.embedder.EclipseLogger - skip non existing resourceDirectory C:\Users\USUARIO\Documents\ambiente\semilleroHBT\ambiente\semillero-hbt\semillero-padre\semillero-web\src\main\angular\dist
2019-04-03 20:56:50,890 [Worker-11: Building workspace] INFO  o.e.m.c.i.embedder.EclipseLogger - Using 'UTF-8' encoding to copy filtered resources.
2019-04-03 20:56:50,899 [Worker-11: Building workspace] INFO  o.e.m.c.i.embedder.EclipseLogger - skip non existing resourceDirectory C:\Users\USUARIO\Documents\ambiente\semilleroHBT\ambiente\semillero-hbt\semillero-padre\semillero-web\src\main\resources
2019-04-03 20:56:50,958 [Worker-11: Building workspace] INFO  o.e.m.c.i.embedder.EclipseLogger - Not copying test resources
2019-04-03 20:56:50,969 [Worker-11: Building workspace] INFO  o.e.m.c.i.embedder.EclipseLogger - Using 'UTF-8' encoding to copy filtered resources.
2019-04-03 20:56:50,969 [Worker-11: Building workspace] INFO  o.e.m.c.i.embedder.EclipseLogger - skip non existing resourceDirectory C:\Users\USUARIO\Documents\ambiente\semilleroHBT\ambiente\semillero-hbt\semillero-padre\semillero-web\src\main\angular\dist
2019-04-03 20:56:52,114 [Worker-17: Building workspace] INFO  o.e.m.c.i.embedder.EclipseLogger - Using 'UTF-8' encoding to copy filtered resources.
2019-04-03 20:56:52,114 [Worker-17: Building workspace] INFO  o.e.m.c.i.embedder.EclipseLogger - skip non existing resourceDirectory C:\Users\USUARIO\Documents\ambiente\semilleroHBT\ambiente\semillero-hbt\semillero-padre\semillero-web\src\main\resources
2019-04-03 20:56:52,117 [Worker-17: Building workspace] INFO  o.e.m.c.i.embedder.EclipseLogger - Not copying test resources
2019-04-03 20:56:52,122 [Worker-17: Building workspace] INFO  o.e.m.c.i.embedder.EclipseLogger - Using 'UTF-8' encoding to copy filtered resources.
2019-04-03 20:56:52,141 [Worker-17: Building workspace] INFO  o.e.m.c.i.embedder.EclipseLogger - skip non existing resourceDirectory C:\Users\USUARIO\Documents\ambiente\semilleroHBT\ambiente\semillero-hbt\semillero-padre\semillero-web\src\main\angular\dist
2019-04-03 21:25:14,202 [Worker-0: Building workspace] INFO  o.e.m.c.i.embedder.EclipseLogger - Using 'UTF-8' encoding to copy filtered resources.
2019-04-03 21:25:14,367 [Worker-0: Building workspace] INFO  o.e.m.c.i.embedder.EclipseLogger - skip non existing resourceDirectory C:\Users\USUARIO\Documents\ambiente\semilleroHBT\ambiente\semillero-hbt\semillero-padre\semillero-web\src\main\resources
2019-04-03 21:25:14,390 [Worker-0: Building workspace] INFO  o.e.m.c.i.embedder.EclipseLogger - Not copying test resources
2019-04-03 21:25:14,445 [Worker-0: Building workspace] INFO  o.e.m.c.i.embedder.EclipseLogger - Using 'UTF-8' encoding to copy filtered resources.
2019-04-03 21:25:14,445 [Worker-0: Building workspace] INFO  o.e.m.c.i.embedder.EclipseLogger - skip non existing resourceDirectory C:\Users\USUARIO\Documents\ambiente\semilleroHBT\ambiente\semillero-hbt\semillero-padre\semillero-web\src\main\angular\dist
2019-04-03 21:28:30,239 [Worker-18: Building workspace] INFO  o.e.m.c.i.embedder.EclipseLogger - Using 'UTF-8' encoding to copy filtered resources.
2019-04-03 21:28:30,240 [Worker-18: Building workspace] INFO  o.e.m.c.i.embedder.EclipseLogger - skip non existing resourceDirectory C:\Users\USUARIO\Documents\ambiente\semilleroHBT\ambiente\semillero-hbt\semillero-padre\semillero-web\src\main\resources
2019-04-03 21:28:30,251 [Worker-18: Building workspace] INFO  o.e.m.c.i.embedder.EclipseLogger - Not copying test resources
2019-04-03 21:28:30,267 [Worker-18: Building workspace] INFO  o.e.m.c.i.embedder.EclipseLogger - Using 'UTF-8' encoding to copy filtered resources.
2019-04-03 21:28:30,375 [Worker-18: Building workspace] INFO  o.e.m.c.i.embedder.EclipseLogger - skip non existing resourceDirectory C:\Users\USUARIO\Documents\ambiente\semilleroHBT\ambiente\semillero-hbt\semillero-padre\semillero-web\src\main\angular\dist
2019-04-03 21:29:59,980 [Worker-18: Building workspace] INFO  o.e.m.c.i.embedder.EclipseLogger - Using 'UTF-8' encoding to copy filtered resources.
2019-04-03 21:30:00,060 [Worker-18: Building workspace] INFO  o.e.m.c.i.embedder.EclipseLogger - skip non existing resourceDirectory C:\Users\USUARIO\Documents\ambiente\semilleroHBT\ambiente\semillero-hbt\semillero-padre\semillero-web\src\main\resources
2019-04-03 21:30:00,157 [Worker-18: Building workspace] INFO  o.e.m.c.i.embedder.EclipseLogger - Not copying test resources
2019-04-03 21:30:00,187 [Worker-18: Building workspace] INFO  o.e.m.c.i.embedder.EclipseLogger - Using 'UTF-8' encoding to copy filtered resources.
2019-04-03 21:30:00,187 [Worker-18: Building workspace] INFO  o.e.m.c.i.embedder.EclipseLogger - skip non existing resourceDirectory C:\Users\USUARIO\Documents\ambiente\semilleroHBT\ambiente\semillero-hbt\semillero-padre\semillero-web\src\main\angular\dist
2019-04-03 21:30:17,705 [Worker-21: Building workspace] INFO  o.e.m.c.i.embedder.EclipseLogger - Using 'UTF-8' encoding to copy filtered resources.
2019-04-03 21:30:17,705 [Worker-21: Building workspace] INFO  o.e.m.c.i.embedder.EclipseLogger - skip non existing resourceDirectory C:\Users\USUARIO\Documents\ambiente\semilleroHBT\ambiente\semillero-hbt\semillero-padre\semillero-web\src\main\resources
2019-04-03 21:30:17,706 [Worker-21: Building workspace] INFO  o.e.m.c.i.embedder.EclipseLogger - Not copying test resources
2019-04-03 21:30:17,709 [Worker-21: Building workspace] INFO  o.e.m.c.i.embedder.EclipseLogger - Using 'UTF-8' encoding to copy filtered resources.
2019-04-03 21:30:17,709 [Worker-21: Building workspace] INFO  o.e.m.c.i.embedder.EclipseLogger - skip non existing resourceDirectory C:\Users\USUARIO\Documents\ambiente\semilleroHBT\ambiente\semillero-hbt\semillero-padre\semillero-web\src\main\angular\dist
2019-04-03 21:55:35,416 [Worker-18: Building workspace] INFO  o.e.m.c.i.embedder.EclipseLogger - Using 'UTF-8' encoding to copy filtered resources.
2019-04-03 21:55:35,416 [Worker-18: Building workspace] INFO  o.e.m.c.i.embedder.EclipseLogger - skip non existing resourceDirectory C:\Users\USUARIO\Documents\ambiente\semilleroHBT\ambiente\semillero-hbt\semillero-padre\semillero-web\src\main\resources
2019-04-03 21:55:35,417 [Worker-18: Building workspace] INFO  o.e.m.c.i.embedder.EclipseLogger - Not copying test resources
2019-04-03 21:55:35,465 [Worker-18: Building workspace] INFO  o.e.m.c.i.embedder.EclipseLogger - Using 'UTF-8' encoding to copy filtered resources.
2019-04-03 21:55:35,465 [Worker-18: Building workspace] INFO  o.e.m.c.i.embedder.EclipseLogger - skip non existing resourceDirectory C:\Users\USUARIO\Documents\ambiente\semilleroHBT\ambiente\semillero-hbt\semillero-padre\semillero-web\src\main\angular\dist
2019-04-03 21:59:14,506 [Worker-7: Building workspace] INFO  o.e.m.c.i.embedder.EclipseLogger - Using 'UTF-8' encoding to copy filtered resources.
2019-04-03 21:59:14,506 [Worker-7: Building workspace] INFO  o.e.m.c.i.embedder.EclipseLogger - skip non existing resourceDirectory C:\Users\USUARIO\Documents\ambiente\semilleroHBT\ambiente\semillero-hbt\semillero-padre\semillero-web\src\main\resources
2019-04-03 21:59:14,517 [Worker-7: Building workspace] INFO  o.e.m.c.i.embedder.EclipseLogger - Not copying test resources
2019-04-03 21:59:14,527 [Worker-7: Building workspace] INFO  o.e.m.c.i.embedder.EclipseLogger - Using 'UTF-8' encoding to copy filtered resources.
2019-04-03 21:59:14,537 [Worker-7: Building workspace] INFO  o.e.m.c.i.embedder.EclipseLogger - skip non existing resourceDirectory C:\Users\USUARIO\Documents\ambiente\semilleroHBT\ambiente\semillero-hbt\semillero-padre\semillero-web\src\main\angular\dist
2019-04-03 22:06:46,964 [Worker-13: Building workspace] INFO  o.e.m.c.i.embedder.EclipseLogger - Using 'UTF-8' encoding to copy filtered resources.
2019-04-03 22:06:47,030 [Worker-13: Building workspace] INFO  o.e.m.c.i.embedder.EclipseLogger - skip non existing resourceDirectory C:\Users\USUARIO\Documents\ambiente\semilleroHBT\ambiente\semillero-hbt\semillero-padre\semillero-web\src\main\resources
2019-04-03 22:06:47,038 [Worker-13: Building workspace] INFO  o.e.m.c.i.embedder.EclipseLogger - Not copying test resources
2019-04-03 22:06:47,047 [Worker-13: Building workspace] INFO  o.e.m.c.i.embedder.EclipseLogger - Using 'UTF-8' encoding to copy filtered resources.
2019-04-03 22:06:47,047 [Worker-13: Building workspace] INFO  o.e.m.c.i.embedder.EclipseLogger - skip non existing resourceDirectory C:\Users\USUARIO\Documents\ambiente\semilleroHBT\ambiente\semillero-hbt\semillero-padre\semillero-web\src\main\angular\dist
2019-04-03 22:11:59,076 [Worker-5: Building workspace] INFO  o.e.m.c.i.embedder.EclipseLogger - Using 'UTF-8' encoding to copy filtered resources.
2019-04-03 22:11:59,076 [Worker-5: Building workspace] INFO  o.e.m.c.i.embedder.EclipseLogger - skip non existing resourceDirectory C:\Users\USUARIO\Documents\ambiente\semilleroHBT\ambiente\semillero-hbt\semillero-padre\semillero-web\src\main\resources
2019-04-03 22:11:59,077 [Worker-5: Building workspace] INFO  o.e.m.c.i.embedder.EclipseLogger - Not copying test resources
2019-04-03 22:11:59,078 [Worker-5: Building workspace] INFO  o.e.m.c.i.embedder.EclipseLogger - Using 'UTF-8' encoding to copy filtered resources.
2019-04-03 22:11:59,094 [Worker-5: Building workspace] INFO  o.e.m.c.i.embedder.EclipseLogger - skip non existing resourceDirectory C:\Users\USUARIO\Documents\ambiente\semilleroHBT\ambiente\semillero-hbt\semillero-padre\semillero-web\src\main\angular\dist
