[2019-04-03 20:01:48.159] [exthost1] [info] extension host started
[2019-04-03 20:01:48.481] [exthost1] [info] ExtensionService#_doActivateExtension vscode.debug-auto-launch {"startup":true,"activationEvent":"*"}
[2019-04-03 20:01:48.481] [exthost1] [info] ExtensionService#loadCommonJSModule c:\Users\USUARIO\.codemix\engine\resources\app\extensions\debug-auto-launch\out\extension
[2019-04-03 20:01:48.513] [exthost1] [info] ExtensionService#_doActivateExtension vscode.emmet {"startup":true,"activationEvent":"*"}
[2019-04-03 20:01:48.513] [exthost1] [info] ExtensionService#loadCommonJSModule c:\Users\USUARIO\.codemix\engine\resources\app\extensions\emmet\dist\extension
[2019-04-03 20:01:48.645] [exthost1] [info] ExtensionService#_doActivateExtension vscode.merge-conflict {"startup":true,"activationEvent":"*"}
[2019-04-03 20:01:48.645] [exthost1] [info] ExtensionService#loadCommonJSModule c:\Users\USUARIO\.codemix\engine\resources\app\extensions\merge-conflict\out\extension
[2019-04-03 20:01:48.693] [exthost1] [info] ExtensionService#_doActivateExtension vscode.search-rg {"startup":true,"activationEvent":"*"}
[2019-04-03 20:01:48.693] [exthost1] [info] ExtensionService#loadCommonJSModule c:\Users\USUARIO\.codemix\engine\resources\app\extensions\search-rg\out\extension
[2019-04-03 20:01:48.740] [exthost1] [info] eager extensions activated
[2019-04-03 20:01:48.748] [exthost1] [info] ExtensionService#_doActivateExtension vscode.grunt {"startup":false,"activationEvent":"onCommand:workbench.action.tasks.runTask"}
[2019-04-03 20:01:48.749] [exthost1] [info] ExtensionService#loadCommonJSModule c:\Users\USUARIO\.codemix\engine\resources\app\extensions\grunt\out\main
[2019-04-03 20:01:48.788] [exthost1] [info] ExtensionService#_doActivateExtension vscode.gulp {"startup":false,"activationEvent":"onCommand:workbench.action.tasks.runTask"}
[2019-04-03 20:01:48.788] [exthost1] [info] ExtensionService#loadCommonJSModule c:\Users\USUARIO\.codemix\engine\resources\app\extensions\gulp\out\main
[2019-04-03 20:01:48.803] [exthost1] [info] ExtensionService#_doActivateExtension vscode.jake {"startup":false,"activationEvent":"onCommand:workbench.action.tasks.runTask"}
[2019-04-03 20:01:48.803] [exthost1] [info] ExtensionService#loadCommonJSModule c:\Users\USUARIO\.codemix\engine\resources\app\extensions\jake\out\main
[2019-04-03 20:01:48.818] [exthost1] [info] ExtensionService#_doActivateExtension vscode.npm {"startup":false,"activationEvent":"onCommand:workbench.action.tasks.runTask"}
[2019-04-03 20:01:48.818] [exthost1] [info] ExtensionService#loadCommonJSModule c:\Users\USUARIO\.codemix\engine\resources\app\extensions\npm\out\main
[2019-04-03 20:01:49.021] [exthost1] [info] ExtensionService#_doActivateExtension vscode.typescript-language-features {"startup":false,"activationEvent":"onCommand:workbench.action.tasks.runTask"}
[2019-04-03 20:01:49.021] [exthost1] [info] ExtensionService#loadCommonJSModule c:\Users\USUARIO\.codemix\engine\resources\app\extensions\typescript-language-features\dist\extension
[2019-04-03 20:01:49.338] [exthost1] [info] ExtensionService#_doActivateExtension vscode.configuration-editing {"startup":false,"activationEvent":"onLanguage:jsonc"}
[2019-04-03 20:01:49.338] [exthost1] [info] ExtensionService#loadCommonJSModule c:\Users\USUARIO\.codemix\engine\resources\app\extensions\configuration-editing\out\extension
[2019-04-03 20:01:49.374] [exthost1] [info] ExtensionService#_doActivateExtension vscode.json-language-features {"startup":false,"activationEvent":"onLanguage:jsonc"}
[2019-04-03 20:01:49.374] [exthost1] [info] ExtensionService#loadCommonJSModule c:\Users\USUARIO\.codemix\engine\resources\app\extensions\json-language-features\client\dist\jsonMain
[2019-04-03 20:03:44.958] [exthost1] [info] ExtensionService#_doActivateExtension vscode.extension-editing {"startup":false,"activationEvent":"onLanguage:typescript"}
[2019-04-03 20:03:44.958] [exthost1] [info] ExtensionService#loadCommonJSModule c:\Users\USUARIO\.codemix\engine\resources\app\extensions\extension-editing\out\extension
[2019-04-03 20:03:50.850] [exthost1] [info] extension host started
[2019-04-03 20:03:50.946] [exthost1] [info] ExtensionService#_doActivateExtension vscode.debug-auto-launch {"startup":true,"activationEvent":"*"}
[2019-04-03 20:03:50.946] [exthost1] [info] ExtensionService#loadCommonJSModule c:\Users\USUARIO\.codemix\engine\resources\app\extensions\debug-auto-launch\out\extension
[2019-04-03 20:03:50.963] [exthost1] [info] ExtensionService#_doActivateExtension vscode.emmet {"startup":true,"activationEvent":"*"}
[2019-04-03 20:03:50.964] [exthost1] [info] ExtensionService#loadCommonJSModule c:\Users\USUARIO\.codemix\engine\resources\app\extensions\emmet\dist\extension
[2019-04-03 20:03:51.052] [exthost1] [info] ExtensionService#_doActivateExtension vscode.merge-conflict {"startup":true,"activationEvent":"*"}
[2019-04-03 20:03:51.052] [exthost1] [info] ExtensionService#loadCommonJSModule c:\Users\USUARIO\.codemix\engine\resources\app\extensions\merge-conflict\out\extension
[2019-04-03 20:03:51.093] [exthost1] [info] ExtensionService#_doActivateExtension vscode.search-rg {"startup":true,"activationEvent":"*"}
[2019-04-03 20:03:51.093] [exthost1] [info] ExtensionService#loadCommonJSModule c:\Users\USUARIO\.codemix\engine\resources\app\extensions\search-rg\out\extension
[2019-04-03 20:03:51.118] [exthost1] [info] eager extensions activated
[2019-04-03 20:03:51.118] [exthost1] [info] ExtensionService#_doActivateExtension vscode.grunt {"startup":false,"activationEvent":"onCommand:workbench.action.tasks.runTask"}
[2019-04-03 20:03:51.118] [exthost1] [info] ExtensionService#loadCommonJSModule c:\Users\USUARIO\.codemix\engine\resources\app\extensions\grunt\out\main
[2019-04-03 20:03:51.131] [exthost1] [info] ExtensionService#_doActivateExtension vscode.gulp {"startup":false,"activationEvent":"onCommand:workbench.action.tasks.runTask"}
[2019-04-03 20:03:51.131] [exthost1] [info] ExtensionService#loadCommonJSModule c:\Users\USUARIO\.codemix\engine\resources\app\extensions\gulp\out\main
[2019-04-03 20:03:51.170] [exthost1] [info] ExtensionService#_doActivateExtension vscode.jake {"startup":false,"activationEvent":"onCommand:workbench.action.tasks.runTask"}
[2019-04-03 20:03:51.170] [exthost1] [info] ExtensionService#loadCommonJSModule c:\Users\USUARIO\.codemix\engine\resources\app\extensions\jake\out\main
[2019-04-03 20:03:51.182] [exthost1] [info] ExtensionService#_doActivateExtension vscode.npm {"startup":false,"activationEvent":"onCommand:workbench.action.tasks.runTask"}
[2019-04-03 20:03:51.182] [exthost1] [info] ExtensionService#loadCommonJSModule c:\Users\USUARIO\.codemix\engine\resources\app\extensions\npm\out\main
[2019-04-03 20:03:51.385] [exthost1] [info] ExtensionService#_doActivateExtension vscode.typescript-language-features {"startup":false,"activationEvent":"onCommand:workbench.action.tasks.runTask"}
[2019-04-03 20:03:51.385] [exthost1] [info] ExtensionService#loadCommonJSModule c:\Users\USUARIO\.codemix\engine\resources\app\extensions\typescript-language-features\dist\extension
[2019-04-03 20:03:51.693] [exthost1] [info] ExtensionService#_doActivateExtension vscode.configuration-editing {"startup":false,"activationEvent":"onLanguage:jsonc"}
[2019-04-03 20:03:51.693] [exthost1] [info] ExtensionService#loadCommonJSModule c:\Users\USUARIO\.codemix\engine\resources\app\extensions\configuration-editing\out\extension
[2019-04-03 20:03:51.730] [exthost1] [info] ExtensionService#_doActivateExtension vscode.json-language-features {"startup":false,"activationEvent":"onLanguage:jsonc"}
[2019-04-03 20:03:51.730] [exthost1] [info] ExtensionService#loadCommonJSModule c:\Users\USUARIO\.codemix\engine\resources\app\extensions\json-language-features\client\dist\jsonMain
[2019-04-03 20:03:52.161] [exthost1] [info] ExtensionService#_doActivateExtension vscode.extension-editing {"startup":false,"activationEvent":"onLanguage:typescript"}
[2019-04-03 20:03:52.161] [exthost1] [info] ExtensionService#loadCommonJSModule c:\Users\USUARIO\.codemix\engine\resources\app\extensions\extension-editing\out\extension
[2019-04-03 20:05:33.591] [exthost1] [info] extension host started
[2019-04-03 20:05:33.671] [exthost1] [info] ExtensionService#_doActivateExtension vscode.debug-auto-launch {"startup":true,"activationEvent":"*"}
[2019-04-03 20:05:33.672] [exthost1] [info] ExtensionService#loadCommonJSModule c:\Users\USUARIO\.codemix\engine\resources\app\extensions\debug-auto-launch\out\extension
[2019-04-03 20:05:33.722] [exthost1] [info] ExtensionService#_doActivateExtension vscode.emmet {"startup":true,"activationEvent":"*"}
[2019-04-03 20:05:33.722] [exthost1] [info] ExtensionService#loadCommonJSModule c:\Users\USUARIO\.codemix\engine\resources\app\extensions\emmet\dist\extension
[2019-04-03 20:05:34.007] [exthost1] [info] ExtensionService#_doActivateExtension vscode.merge-conflict {"startup":true,"activationEvent":"*"}
[2019-04-03 20:05:34.007] [exthost1] [info] ExtensionService#loadCommonJSModule c:\Users\USUARIO\.codemix\engine\resources\app\extensions\merge-conflict\out\extension
[2019-04-03 20:05:34.098] [exthost1] [info] ExtensionService#_doActivateExtension vscode.search-rg {"startup":true,"activationEvent":"*"}
[2019-04-03 20:05:34.099] [exthost1] [info] ExtensionService#loadCommonJSModule c:\Users\USUARIO\.codemix\engine\resources\app\extensions\search-rg\out\extension
[2019-04-03 20:05:34.251] [exthost1] [info] ExtensionService#_doActivateExtension christian-kohler.path-intellisense {"startup":true,"activationEvent":"*"}
[2019-04-03 20:05:34.251] [exthost1] [info] ExtensionService#loadCommonJSModule C:\Users\USUARIO\.codemix\extensions\christian-kohler.path-intellisense-1.4.2\out\src\extension
[2019-04-03 20:05:34.364] [exthost1] [info] ExtensionService#_doActivateExtension dbaeumer.vscode-eslint {"startup":true,"activationEvent":"*"}
[2019-04-03 20:05:34.364] [exthost1] [info] ExtensionService#loadCommonJSModule C:\Users\USUARIO\.codemix\extensions\dbaeumer.vscode-eslint-1.4.10\client\out\extension
[2019-04-03 20:05:34.874] [exthost1] [info] ExtensionService#_doActivateExtension formulahendry.auto-close-tag {"startup":true,"activationEvent":"*"}
[2019-04-03 20:05:34.874] [exthost1] [info] ExtensionService#loadCommonJSModule C:\Users\USUARIO\.codemix\extensions\formulahendry.auto-close-tag-0.5.6\out\src\extension
[2019-04-03 20:05:34.880] [exthost1] [info] ExtensionService#_doActivateExtension formulahendry.auto-rename-tag {"startup":true,"activationEvent":"*"}
[2019-04-03 20:05:34.881] [exthost1] [info] ExtensionService#loadCommonJSModule C:\Users\USUARIO\.codemix\extensions\formulahendry.auto-rename-tag-0.0.15\out\src\extension
[2019-04-03 20:05:34.898] [exthost1] [info] eager extensions activated
[2019-04-03 20:05:35.293] [exthost1] [info] extension host started
[2019-04-03 20:05:35.347] [exthost1] [info] ExtensionService#_doActivateExtension vscode.debug-auto-launch {"startup":true,"activationEvent":"*"}
[2019-04-03 20:05:35.348] [exthost1] [info] ExtensionService#loadCommonJSModule c:\Users\USUARIO\.codemix\engine\resources\app\extensions\debug-auto-launch\out\extension
[2019-04-03 20:05:35.364] [exthost1] [info] ExtensionService#_doActivateExtension vscode.emmet {"startup":true,"activationEvent":"*"}
[2019-04-03 20:05:35.364] [exthost1] [info] ExtensionService#loadCommonJSModule c:\Users\USUARIO\.codemix\engine\resources\app\extensions\emmet\dist\extension
[2019-04-03 20:05:35.425] [exthost1] [info] ExtensionService#_doActivateExtension vscode.merge-conflict {"startup":true,"activationEvent":"*"}
[2019-04-03 20:05:35.425] [exthost1] [info] ExtensionService#loadCommonJSModule c:\Users\USUARIO\.codemix\engine\resources\app\extensions\merge-conflict\out\extension
[2019-04-03 20:05:35.455] [exthost1] [info] ExtensionService#_doActivateExtension vscode.search-rg {"startup":true,"activationEvent":"*"}
[2019-04-03 20:05:35.455] [exthost1] [info] ExtensionService#loadCommonJSModule c:\Users\USUARIO\.codemix\engine\resources\app\extensions\search-rg\out\extension
[2019-04-03 20:05:35.468] [exthost1] [info] ExtensionService#_doActivateExtension christian-kohler.path-intellisense {"startup":true,"activationEvent":"*"}
[2019-04-03 20:05:35.468] [exthost1] [info] ExtensionService#loadCommonJSModule C:\Users\USUARIO\.codemix\extensions\christian-kohler.path-intellisense-1.4.2\out\src\extension
[2019-04-03 20:05:35.493] [exthost1] [info] ExtensionService#_doActivateExtension dbaeumer.vscode-eslint {"startup":true,"activationEvent":"*"}
[2019-04-03 20:05:35.493] [exthost1] [info] ExtensionService#loadCommonJSModule C:\Users\USUARIO\.codemix\extensions\dbaeumer.vscode-eslint-1.4.10\client\out\extension
[2019-04-03 20:05:35.604] [exthost1] [info] ExtensionService#_doActivateExtension formulahendry.auto-close-tag {"startup":true,"activationEvent":"*"}
[2019-04-03 20:05:35.604] [exthost1] [info] ExtensionService#loadCommonJSModule C:\Users\USUARIO\.codemix\extensions\formulahendry.auto-close-tag-0.5.6\out\src\extension
[2019-04-03 20:05:35.606] [exthost1] [info] ExtensionService#_doActivateExtension formulahendry.auto-rename-tag {"startup":true,"activationEvent":"*"}
[2019-04-03 20:05:35.606] [exthost1] [info] ExtensionService#loadCommonJSModule C:\Users\USUARIO\.codemix\extensions\formulahendry.auto-rename-tag-0.0.15\out\src\extension
[2019-04-03 20:05:35.613] [exthost1] [info] eager extensions activated
[2019-04-03 20:05:35.613] [exthost1] [info] ExtensionService#_doActivateExtension vscode.configuration-editing {"startup":false,"activationEvent":"onLanguage:jsonc"}
[2019-04-03 20:05:35.613] [exthost1] [info] ExtensionService#loadCommonJSModule c:\Users\USUARIO\.codemix\engine\resources\app\extensions\configuration-editing\out\extension
[2019-04-03 20:05:35.632] [exthost1] [info] ExtensionService#_doActivateExtension vscode.json-language-features {"startup":false,"activationEvent":"onLanguage:jsonc"}
[2019-04-03 20:05:35.632] [exthost1] [info] ExtensionService#loadCommonJSModule c:\Users\USUARIO\.codemix\engine\resources\app\extensions\json-language-features\client\dist\jsonMain
[2019-04-03 20:05:35.834] [exthost1] [info] ExtensionService#_doActivateExtension vscode.typescript-language-features {"startup":false,"activationEvent":"onLanguage:jsonc"}
[2019-04-03 20:05:35.834] [exthost1] [info] ExtensionService#loadCommonJSModule c:\Users\USUARIO\.codemix\engine\resources\app\extensions\typescript-language-features\dist\extension
[2019-04-03 20:05:36.064] [exthost1] [info] ExtensionService#_doActivateExtension vscode.grunt {"startup":false,"activationEvent":"onCommand:workbench.action.tasks.runTask"}
[2019-04-03 20:05:36.065] [exthost1] [info] ExtensionService#loadCommonJSModule c:\Users\USUARIO\.codemix\engine\resources\app\extensions\grunt\out\main
[2019-04-03 20:05:36.077] [exthost1] [info] ExtensionService#_doActivateExtension vscode.gulp {"startup":false,"activationEvent":"onCommand:workbench.action.tasks.runTask"}
[2019-04-03 20:05:36.077] [exthost1] [info] ExtensionService#loadCommonJSModule c:\Users\USUARIO\.codemix\engine\resources\app\extensions\gulp\out\main
[2019-04-03 20:05:36.089] [exthost1] [info] ExtensionService#_doActivateExtension vscode.jake {"startup":false,"activationEvent":"onCommand:workbench.action.tasks.runTask"}
[2019-04-03 20:05:36.089] [exthost1] [info] ExtensionService#loadCommonJSModule c:\Users\USUARIO\.codemix\engine\resources\app\extensions\jake\out\main
[2019-04-03 20:05:36.098] [exthost1] [info] ExtensionService#_doActivateExtension vscode.npm {"startup":false,"activationEvent":"onCommand:workbench.action.tasks.runTask"}
[2019-04-03 20:05:36.098] [exthost1] [info] ExtensionService#loadCommonJSModule c:\Users\USUARIO\.codemix\engine\resources\app\extensions\npm\out\main
[2019-04-03 20:05:39.964] [exthost1] [info] extension host started
[2019-04-03 20:05:40.024] [exthost1] [info] ExtensionService#_doActivateExtension vscode.debug-auto-launch {"startup":true,"activationEvent":"*"}
[2019-04-03 20:05:40.024] [exthost1] [info] ExtensionService#loadCommonJSModule c:\Users\USUARIO\.codemix\engine\resources\app\extensions\debug-auto-launch\out\extension
[2019-04-03 20:05:40.039] [exthost1] [info] ExtensionService#_doActivateExtension vscode.emmet {"startup":true,"activationEvent":"*"}
[2019-04-03 20:05:40.039] [exthost1] [info] ExtensionService#loadCommonJSModule c:\Users\USUARIO\.codemix\engine\resources\app\extensions\emmet\dist\extension
[2019-04-03 20:05:40.110] [exthost1] [info] ExtensionService#_doActivateExtension vscode.merge-conflict {"startup":true,"activationEvent":"*"}
[2019-04-03 20:05:40.110] [exthost1] [info] ExtensionService#loadCommonJSModule c:\Users\USUARIO\.codemix\engine\resources\app\extensions\merge-conflict\out\extension
[2019-04-03 20:05:40.148] [exthost1] [info] ExtensionService#_doActivateExtension vscode.search-rg {"startup":true,"activationEvent":"*"}
[2019-04-03 20:05:40.148] [exthost1] [info] ExtensionService#loadCommonJSModule c:\Users\USUARIO\.codemix\engine\resources\app\extensions\search-rg\out\extension
[2019-04-03 20:05:40.166] [exthost1] [info] ExtensionService#_doActivateExtension christian-kohler.path-intellisense {"startup":true,"activationEvent":"*"}
[2019-04-03 20:05:40.166] [exthost1] [info] ExtensionService#loadCommonJSModule C:\Users\USUARIO\.codemix\extensions\christian-kohler.path-intellisense-1.4.2\out\src\extension
[2019-04-03 20:05:40.192] [exthost1] [info] ExtensionService#_doActivateExtension dbaeumer.vscode-eslint {"startup":true,"activationEvent":"*"}
[2019-04-03 20:05:40.192] [exthost1] [info] ExtensionService#loadCommonJSModule C:\Users\USUARIO\.codemix\extensions\dbaeumer.vscode-eslint-1.4.10\client\out\extension
[2019-04-03 20:05:40.330] [exthost1] [info] ExtensionService#_doActivateExtension formulahendry.auto-close-tag {"startup":true,"activationEvent":"*"}
[2019-04-03 20:05:40.331] [exthost1] [info] ExtensionService#loadCommonJSModule C:\Users\USUARIO\.codemix\extensions\formulahendry.auto-close-tag-0.5.6\out\src\extension
[2019-04-03 20:05:40.334] [exthost1] [info] ExtensionService#_doActivateExtension formulahendry.auto-rename-tag {"startup":true,"activationEvent":"*"}
[2019-04-03 20:05:40.334] [exthost1] [info] ExtensionService#loadCommonJSModule C:\Users\USUARIO\.codemix\extensions\formulahendry.auto-rename-tag-0.0.15\out\src\extension
[2019-04-03 20:05:40.341] [exthost1] [info] eager extensions activated
[2019-04-03 20:05:40.342] [exthost1] [info] ExtensionService#_doActivateExtension vscode.configuration-editing {"startup":false,"activationEvent":"onLanguage:jsonc"}
[2019-04-03 20:05:40.342] [exthost1] [info] ExtensionService#loadCommonJSModule c:\Users\USUARIO\.codemix\engine\resources\app\extensions\configuration-editing\out\extension
[2019-04-03 20:05:40.362] [exthost1] [info] ExtensionService#_doActivateExtension vscode.json-language-features {"startup":false,"activationEvent":"onLanguage:jsonc"}
[2019-04-03 20:05:40.362] [exthost1] [info] ExtensionService#loadCommonJSModule c:\Users\USUARIO\.codemix\engine\resources\app\extensions\json-language-features\client\dist\jsonMain
[2019-04-03 20:05:40.622] [exthost1] [info] ExtensionService#_doActivateExtension vscode.typescript-language-features {"startup":false,"activationEvent":"onLanguage:jsonc"}
[2019-04-03 20:05:40.622] [exthost1] [info] ExtensionService#loadCommonJSModule c:\Users\USUARIO\.codemix\engine\resources\app\extensions\typescript-language-features\dist\extension
[2019-04-03 20:05:40.876] [exthost1] [info] ExtensionService#_doActivateExtension vscode.grunt {"startup":false,"activationEvent":"onCommand:workbench.action.tasks.runTask"}
[2019-04-03 20:05:40.876] [exthost1] [info] ExtensionService#loadCommonJSModule c:\Users\USUARIO\.codemix\engine\resources\app\extensions\grunt\out\main
[2019-04-03 20:05:40.886] [exthost1] [info] ExtensionService#_doActivateExtension vscode.gulp {"startup":false,"activationEvent":"onCommand:workbench.action.tasks.runTask"}
[2019-04-03 20:05:40.886] [exthost1] [info] ExtensionService#loadCommonJSModule c:\Users\USUARIO\.codemix\engine\resources\app\extensions\gulp\out\main
[2019-04-03 20:05:40.897] [exthost1] [info] ExtensionService#_doActivateExtension vscode.jake {"startup":false,"activationEvent":"onCommand:workbench.action.tasks.runTask"}
[2019-04-03 20:05:40.897] [exthost1] [info] ExtensionService#loadCommonJSModule c:\Users\USUARIO\.codemix\engine\resources\app\extensions\jake\out\main
[2019-04-03 20:05:40.908] [exthost1] [info] ExtensionService#_doActivateExtension vscode.npm {"startup":false,"activationEvent":"onCommand:workbench.action.tasks.runTask"}
[2019-04-03 20:05:40.908] [exthost1] [info] ExtensionService#loadCommonJSModule c:\Users\USUARIO\.codemix\engine\resources\app\extensions\npm\out\main
[2019-04-03 20:05:41.037] [exthost1] [info] ExtensionService#_doActivateExtension vscode.extension-editing {"startup":false,"activationEvent":"onLanguage:typescript"}
[2019-04-03 20:05:41.037] [exthost1] [info] ExtensionService#loadCommonJSModule c:\Users\USUARIO\.codemix\engine\resources\app\extensions\extension-editing\out\extension
[2019-04-03 20:05:41.058] [exthost1] [info] ExtensionService#_doActivateExtension Angular.ng-template {"startup":false,"activationEvent":"onLanguage:typescript"}
[2019-04-03 20:05:41.058] [exthost1] [info] ExtensionService#loadCommonJSModule C:\Users\USUARIO\.codemix\extensions\angular.ng-template-0.1.9\out\extension
[2019-04-03 20:05:41.121] [exthost1] [info] ExtensionService#_doActivateExtension eg2.tslint {"startup":false,"activationEvent":"onLanguage:typescript"}
[2019-04-03 20:05:41.121] [exthost1] [info] ExtensionService#loadCommonJSModule C:\Users\USUARIO\.codemix\extensions\eg2.tslint-1.0.29\out\extension
[2019-04-03 20:45:48.935] [exthost1] [info] ExtensionService#_doActivateExtension vscode.html-language-features {"startup":false,"activationEvent":"onLanguage:html"}
[2019-04-03 20:45:48.935] [exthost1] [info] ExtensionService#loadCommonJSModule c:\Users\USUARIO\.codemix\engine\resources\app\extensions\html-language-features\client\dist\htmlMain
[2019-04-03 20:45:51.360] [exthost1] [info] ExtensionService#_doActivateExtension mkaufman.HTMLHint {"startup":false,"activationEvent":"onLanguage:html"}
[2019-04-03 20:45:51.360] [exthost1] [info] ExtensionService#loadCommonJSModule C:\Users\USUARIO\.codemix\extensions\mkaufman.htmlhint-0.5.0\out\extension
