Search path: c:/Users/USUARIO/Documents/ambiente/semilleroHBT/ambiente/semillero-hbt/semillero-padre/semillero-web/src/main/angular/src/app
Config file name: c:/Users/USUARIO/Documents/ambiente/semilleroHBT/ambiente/semillero-hbt/semillero-padre/semillero-web/src/main/angular/tsconfig.json
Angular Language Service: 5.2.2-250c8da
TypeScript: 2.6.2
getTemplateReferences: 5069ms
Add recursive watcher for: c:/Users/USUARIO/Documents/ambiente/semilleroHBT/ambiente/semillero-hbt/semillero-padre/semillero-web/src/main/angular
Opened configuration file c:/Users/USUARIO/Documents/ambiente/semilleroHBT/ambiente/semillero-hbt/semillero-padre/semillero-web/src/main/angular/tsconfig.json
Config errors encountered and need to be reported: 1
  Argument for '--lib' option must be: 'es5', 'es6', 'es2015', 'es7', 'es2016', 'es2017', 'esnext', 'dom', 'dom.iterable', 'webworker', 'scripthost', 'es2015.core', 'es2015.collection', 'es2015.generator', 'es2015.iterable', 'es2015.promise', 'es2015.proxy', 'es2015.reflect', 'es2015.symbol', 'es2015.symbol.wellknown', 'es2016.array.include', 'es2017.object', 'es2017.sharedmemory', 'es2017.string', 'es2017.intl', 'esnext.asynciterable'.
getDiagnostics: 18ms
Search path: c:/Users/USUARIO/Documents/ambiente/semilleroHBT/ambiente/semillero-hbt/semillero-padre/semillero-web/src/main/angular/src/app
Config file name: c:/Users/USUARIO/Documents/ambiente/semilleroHBT/ambiente/semillero-hbt/semillero-padre/semillero-web/src/main/angular/tsconfig.json
getTemplateReferences: 0ms
getDiagnostics: 26ms
Detected source file changes: c:/Users/USUARIO/Documents/ambiente/semilleroHBT/ambiente/semillero-hbt/semillero-padre/semillero-web/src/main/angular/src/app/nucleo/nucleo.module.ts
getTemplateReferences: 0ms
updating project structure from ...
updated: ng - 216ms
getDiagnostics: 135ms
getCompletions: 46ms
getDiagnostics: 11ms
updating project structure from ...
updated: ng - 89ms
getCompletions: 40ms
getDiagnostics: 128ms
getDiagnostics: 61ms
updating project structure from ...
updated: ng - 31ms
getCompletions: 34ms
getDiagnostics: 132ms
updating project structure from ...
updated: ng - 0ms
getCompletions: 24ms
getDiagnostics: 12ms
updating project structure from ...
updated: ng - 38ms
getHoverAt: 1ms
getHoverAt: 1ms
getCompletions: 30ms
getCompletions: 45ms
getCompletions: 45ms
getDiagnostics: 123ms
getCompletions: 0ms
updating project structure from ...
updated: ng - 0ms
getDiagnostics: 44ms
getDiagnostics: 35ms
updating project structure from ...
updated: ng - 36ms
getDiagnostics: 163ms
getCompletions: 23ms
getDiagnostics: 30ms
updating project structure from ...
updated: ng - 43ms
getDiagnostics: 129ms
updating project structure from ...
updated: ng - 0ms
getCompletions: 146ms
getDiagnostics: 9ms
updating project structure from ...
updated: ng - 99ms
getDiagnostics: 241ms
updating project structure from ...
updated: ng - 0ms
getDiagnostics: 292ms
updating project structure from ...
updated: ng - 32ms
getDiagnostics: 321ms
updating project structure from ...
updated: ng - 0ms
getDiagnostics: 90ms
updating project structure from ...
updated: ng - 33ms
getDiagnostics: 132ms
updating project structure from ...
updated: ng - 0ms
getDiagnostics: 64ms
updating project structure from ...
updated: ng - 72ms
getDiagnostics: 160ms
updating project structure from ...
updated: ng - 0ms
getCompletions: 34ms
getDiagnostics: 25ms
updating project structure from ...
updated: ng - 36ms
getDiagnostics: 154ms
updating project structure from ...
updated: ng - 0ms
getDiagnostics: 1ms
updating project structure from ...
updated: ng - 0ms
Search path: c:/Users/USUARIO/Documents/ambiente/semilleroHBT/ambiente/semillero-hbt/semillero-padre/semillero-web/src/main/angular/src/app
Config file name: c:/Users/USUARIO/Documents/ambiente/semilleroHBT/ambiente/semillero-hbt/semillero-padre/semillero-web/src/main/angular/tsconfig.json
getTemplateReferences: 0ms
getDiagnostics: 8ms
updating project structure from ...
updated: ng - 47ms
Detected source file changes: c:/Users/USUARIO/Documents/ambiente/semilleroHBT/ambiente/semillero-hbt/semillero-padre/semillero-web/src/main/angular/src/app/nucleo/capa/encabezado/encabezado.component.spec.ts
Detected source file changes: c:/Users/USUARIO/Documents/ambiente/semilleroHBT/ambiente/semillero-hbt/semillero-padre/semillero-web/src/main/angular/src/app/nucleo/capa/encabezado/encabezado.component.ts
getTemplateReferences: 140ms
updating project structure from ...
updated: ng - 0ms
Detected source file changes: c:/Users/USUARIO/Documents/ambiente/semilleroHBT/ambiente/semillero-hbt/semillero-padre/semillero-web/src/main/angular/src/app/nucleo/capa/main/main.component.spec.ts
Detected source file changes: c:/Users/USUARIO/Documents/ambiente/semilleroHBT/ambiente/semillero-hbt/semillero-padre/semillero-web/src/main/angular/src/app/nucleo/capa/main/main.component.ts
getTemplateReferences: 0ms
updating project structure from ...
updated: ng - 109ms
Detected source file changes: c:/Users/USUARIO/Documents/ambiente/semilleroHBT/ambiente/semillero-hbt/semillero-padre/semillero-web/src/main/angular/src/app/nucleo/capa/piepagina/piepagina.component.spec.ts
Detected source file changes: c:/Users/USUARIO/Documents/ambiente/semilleroHBT/ambiente/semillero-hbt/semillero-padre/semillero-web/src/main/angular/src/app/nucleo/capa/piepagina/piepagina.component.ts
getTemplateReferences: 121ms
updating project structure from ...
updated: ng - 0ms
Detected source file changes: c:/Users/USUARIO/Documents/ambiente/semilleroHBT/ambiente/semillero-hbt/semillero-padre/semillero-web/src/main/angular/src/app/nucleo/capa/capa.component.spec.ts
Detected source file changes: c:/Users/USUARIO/Documents/ambiente/semilleroHBT/ambiente/semillero-hbt/semillero-padre/semillero-web/src/main/angular/src/app/nucleo/capa/capa.component.ts
getTemplateReferences: 0ms
updating project structure from ...
updated: ng - 97ms
Detected source file changes: c:/Users/USUARIO/Documents/ambiente/semilleroHBT/ambiente/semillero-hbt/semillero-padre/semillero-web/src/main/angular/src/app/nucleo/capa/capa.component.spec.ts
[Info  - 8:40:07 PM] c:/Users/USUARIO/Documents/ambiente/semilleroHBT/ambiente/semillero-hbt/semillero-padre/semillero-web/src/main/angular/src/app/nucleo/capa/capa.component.spec.ts deleted
getTemplateReferences: 6ms
getTemplateReferences: 0ms
getTemplateReferences: 0ms
updating project structure from ...
updated: ng - 114ms
Detected source file changes: c:/Users/USUARIO/Documents/ambiente/semilleroHBT/ambiente/semillero-hbt/semillero-padre/semillero-web/src/main/angular/src/app/nucleo/capa/capa.component.ts
[Info  - 8:40:07 PM] c:/Users/USUARIO/Documents/ambiente/semilleroHBT/ambiente/semillero-hbt/semillero-padre/semillero-web/src/main/angular/src/app/nucleo/capa/capa.component.ts deleted
getTemplateReferences: 12ms
Detected source file changes: c:/Users/USUARIO/Documents/ambiente/semilleroHBT/ambiente/semillero-hbt/semillero-padre/semillero-web/src/main/angular/src/app/nucleo/capa/encabezado/encabezado.component.spec.ts
Detected source file changes: c:/Users/USUARIO/Documents/ambiente/semilleroHBT/ambiente/semillero-hbt/semillero-padre/semillero-web/src/main/angular/src/app/nucleo/capa/encabezado/encabezado.component.ts
Detected source file changes: c:/Users/USUARIO/Documents/ambiente/semilleroHBT/ambiente/semillero-hbt/semillero-padre/semillero-web/src/main/angular/src/app/nucleo/capa/main/main.component.spec.ts
Detected source file changes: c:/Users/USUARIO/Documents/ambiente/semilleroHBT/ambiente/semillero-hbt/semillero-padre/semillero-web/src/main/angular/src/app/nucleo/capa/main/main.component.ts
Detected source file changes: c:/Users/USUARIO/Documents/ambiente/semilleroHBT/ambiente/semillero-hbt/semillero-padre/semillero-web/src/main/angular/src/app/nucleo/capa/piepagina/piepagina.component.spec.ts
Detected source file changes: c:/Users/USUARIO/Documents/ambiente/semilleroHBT/ambiente/semillero-hbt/semillero-padre/semillero-web/src/main/angular/src/app/nucleo/capa/piepagina/piepagina.component.ts
Detected source file changes: c:/Users/USUARIO/Documents/ambiente/semilleroHBT/ambiente/semillero-hbt/semillero-padre/semillero-web/src/main/angular/src/app/nucleo/capa/capa.component.spec.ts
Detected source file changes: c:/Users/USUARIO/Documents/ambiente/semilleroHBT/ambiente/semillero-hbt/semillero-padre/semillero-web/src/main/angular/src/app/nucleo/capa/capa.component.ts
getTemplateReferences: 0ms
updating project structure from ...
updated: ng - 102ms
Detected source file changes: c:/Users/USUARIO/Documents/ambiente/semilleroHBT/ambiente/semillero-hbt/semillero-padre/semillero-web/src/main/angular/src/app/nucleo/capa/encabezado/encabezado.component.spec.ts
Detected source file changes: c:/Users/USUARIO/Documents/ambiente/semilleroHBT/ambiente/semillero-hbt/semillero-padre/semillero-web/src/main/angular/src/app/nucleo/capa/encabezado/encabezado.component.ts
getTemplateReferences: 105ms
updating project structure from ...
updated: ng - 0ms
Detected source file changes: c:/Users/USUARIO/Documents/ambiente/semilleroHBT/ambiente/semillero-hbt/semillero-padre/semillero-web/src/main/angular/src/app/nucleo/capa/main/main.component.spec.ts
Detected source file changes: c:/Users/USUARIO/Documents/ambiente/semilleroHBT/ambiente/semillero-hbt/semillero-padre/semillero-web/src/main/angular/src/app/nucleo/capa/main/main.component.ts
getTemplateReferences: 0ms
updating project structure from ...
updated: ng - 119ms
Detected source file changes: c:/Users/USUARIO/Documents/ambiente/semilleroHBT/ambiente/semillero-hbt/semillero-padre/semillero-web/src/main/angular/src/app/nucleo/capa/piepagina/piepagina.component.spec.ts
Detected source file changes: c:/Users/USUARIO/Documents/ambiente/semilleroHBT/ambiente/semillero-hbt/semillero-padre/semillero-web/src/main/angular/src/app/nucleo/capa/piepagina/piepagina.component.ts
getTemplateReferences: 134ms
updating project structure from ...
updated: ng - 0ms
Search path: c:/Users/USUARIO/Documents/ambiente/semilleroHBT/ambiente/semillero-hbt/semillero-padre/semillero-web/src/main/angular/src/app/nucleo/capa
Config file name: c:/Users/USUARIO/Documents/ambiente/semilleroHBT/ambiente/semillero-hbt/semillero-padre/semillero-web/src/main/angular/tsconfig.json
getTemplateReferences: 0ms
getTemplateReferences: 0ms
getDiagnostics: 75ms
Search path: c:/Users/USUARIO/Documents/ambiente/semilleroHBT/ambiente/semillero-hbt/semillero-padre/semillero-web/src/main/angular/src/app/nucleo/capa
Config file name: c:/Users/USUARIO/Documents/ambiente/semilleroHBT/ambiente/semillero-hbt/semillero-padre/semillero-web/src/main/angular/tsconfig.json
getTemplateReferences: 114ms
getTemplateReferences: 0ms
getDiagnostics: 52ms
Search path: c:/Users/USUARIO/Documents/ambiente/semilleroHBT/ambiente/semillero-hbt/semillero-padre/semillero-web/src/main/angular/src/app/nucleo/capa/piepagina
Config file name: c:/Users/USUARIO/Documents/ambiente/semilleroHBT/ambiente/semillero-hbt/semillero-padre/semillero-web/src/main/angular/tsconfig.json
getTemplateReferences: 0ms
getTemplateReferences: 0ms
getDiagnostics: 119ms
getHoverAt: 1ms
Search path: c:/Users/USUARIO/Documents/ambiente/semilleroHBT/ambiente/semillero-hbt/semillero-padre/semillero-web/src/main/angular/src/app/nucleo/capa/encabezado
Config file name: c:/Users/USUARIO/Documents/ambiente/semilleroHBT/ambiente/semillero-hbt/semillero-padre/semillero-web/src/main/angular/tsconfig.json
getTemplateReferences: 280ms
getTemplateReferences: 0ms
getDiagnostics: 2ms
getHoverAt: 1ms
getCompletions: 126ms
getDiagnostics: 43ms
updating project structure from ...
getTemplateReferences: 0ms
getTemplateReferences: 0ms
getTemplateReferences: 0ms
getTemplateReferences: 0ms
updated: ng - 0ms
updating project structure from ...
getTemplateReferences: 0ms
getTemplateReferences: 0ms
getTemplateReferences: 0ms
getTemplateReferences: 0ms
updated: ng - 0ms
getDiagnostics: 136ms
updating project structure from ...
getTemplateReferences: 0ms
getTemplateReferences: 0ms
getTemplateReferences: 0ms
getTemplateReferences: 0ms
updated: ng - 0ms
getDiagnostics: 111ms
updating project structure from ...
getTemplateReferences: 0ms
getTemplateReferences: 0ms
getTemplateReferences: 0ms
getTemplateReferences: 0ms
updated: ng - 0ms
getDiagnostics: 94ms
updating project structure from ...
getTemplateReferences: 0ms
getTemplateReferences: 0ms
getTemplateReferences: 0ms
getTemplateReferences: 0ms
updated: ng - 0ms
getDiagnostics: 112ms
getCompletions: 62ms
getDiagnostics: 47ms
getDiagnostics: 98ms
updating project structure from ...
getTemplateReferences: 0ms
getTemplateReferences: 0ms
getTemplateReferences: 0ms
getTemplateReferences: 0ms
updated: ng - 0ms
getDiagnostics: 108ms
updating project structure from ...
getTemplateReferences: 0ms
getTemplateReferences: 0ms
getTemplateReferences: 0ms
getTemplateReferences: 0ms
updated: ng - 0ms
getDiagnostics: 97ms
updating project structure from ...
getTemplateReferences: 0ms
getTemplateReferences: 0ms
getTemplateReferences: 0ms
getTemplateReferences: 0ms
updated: ng - 0ms
getDiagnostics: 158ms
getCompletions: 87ms
getDiagnostics: 113ms
getDiagnostics: 88ms
updating project structure from ...
getTemplateReferences: 1ms
getTemplateReferences: 0ms
getTemplateReferences: 0ms
getTemplateReferences: 0ms
updated: ng - 0ms
getDiagnostics: 112ms
updating project structure from ...
getTemplateReferences: 0ms
getTemplateReferences: 1ms
getTemplateReferences: 0ms
getTemplateReferences: 0ms
updated: ng - 0ms
getDiagnostics: 119ms
updating project structure from ...
getTemplateReferences: 0ms
getTemplateReferences: 0ms
getTemplateReferences: 0ms
getTemplateReferences: 0ms
updated: ng - 0ms
Search path: c:/Users/USUARIO/Documents/ambiente/semilleroHBT/ambiente/semillero-hbt/semillero-padre/semillero-web/src/main/angular/src/app/nucleo
Config file name: c:/Users/USUARIO/Documents/ambiente/semilleroHBT/ambiente/semillero-hbt/semillero-padre/semillero-web/src/main/angular/tsconfig.json
getTemplateReferences: 0ms
getDiagnostics: 23ms
getDiagnostics: 30ms
getCompletions: 36ms
getDiagnostics: 37ms
getDiagnostics: 35ms
updating project structure from ...
getTemplateReferences: 0ms
getTemplateReferences: 0ms
getTemplateReferences: 0ms
getTemplateReferences: 0ms
updated: ng - 52ms
getDiagnostics: 123ms
updating project structure from ...
getTemplateReferences: 0ms
getTemplateReferences: 0ms
getTemplateReferences: 0ms
getTemplateReferences: 0ms
updated: ng - 0ms
getDiagnostics: 21ms
getCompletions: 26ms
getDiagnostics: 5ms
updating project structure from ...
getTemplateReferences: 0ms
getTemplateReferences: 0ms
getTemplateReferences: 0ms
getTemplateReferences: 0ms
updated: ng - 28ms
getCompletions: 26ms
getDiagnostics: 70ms
getCompletions: 35ms
getDiagnostics: 52ms
updating project structure from ...
getTemplateReferences: 0ms
getTemplateReferences: 0ms
getTemplateReferences: 0ms
getTemplateReferences: 0ms
updated: ng - 52ms
getDiagnostics: 130ms
getDiagnostics: 57ms
updating project structure from ...
getTemplateReferences: 1ms
getTemplateReferences: 0ms
getTemplateReferences: 0ms
getTemplateReferences: 0ms
updated: ng - 26ms
getDiagnostics: 250ms
getDiagnostics: 17ms
getDiagnostics: 48ms
updating project structure from ...
getTemplateReferences: 0ms
getTemplateReferences: 0ms
getTemplateReferences: 0ms
getTemplateReferences: 0ms
updated: ng - 35ms
getDiagnostics: 90ms
updating project structure from ...
getTemplateReferences: 0ms
getTemplateReferences: 0ms
getTemplateReferences: 0ms
getTemplateReferences: 0ms
updated: ng - 0ms
getDiagnostics: 30ms
updating project structure from ...
getTemplateReferences: 0ms
getTemplateReferences: 0ms
getTemplateReferences: 0ms
getTemplateReferences: 0ms
updated: ng - 34ms
Search path: c:/Users/USUARIO/Documents/ambiente/semilleroHBT/ambiente/semillero-hbt/semillero-padre/semillero-web/src/main/angular/src/app/nucleo
Config file name: c:/Users/USUARIO/Documents/ambiente/semilleroHBT/ambiente/semillero-hbt/semillero-padre/semillero-web/src/main/angular/tsconfig.json
getTemplateReferences: 120ms
getDiagnostics: 4ms
updating project structure from ...
getTemplateReferences: 0ms
getTemplateReferences: 0ms
getTemplateReferences: 0ms
getTemplateReferences: 0ms
updated: ng - 0ms
Search path: c:/Users/USUARIO/Documents/ambiente/semilleroHBT/ambiente/semillero-hbt/semillero-padre/semillero-web/src/main/angular/src/app
Config file name: c:/Users/USUARIO/Documents/ambiente/semilleroHBT/ambiente/semillero-hbt/semillero-padre/semillero-web/src/main/angular/tsconfig.json
getTemplateReferences: 0ms
getTemplateReferences: 0ms
getDiagnostics: 250ms
getHoverAt: 24ms
getDefinitionAt: 11ms
getDefinitionAt: 10ms
getDefinitionAt: 13ms
getDefinitionAt: 11ms
getDefinitionAt: 10ms
getDefinitionAt: 10ms
getDefinitionAt: 8ms
getDefinitionAt: 10ms
getDefinitionAt: 10ms
getDefinitionAt: 8ms
getDefinitionAt: 11ms
getDefinitionAt: 11ms
getDefinitionAt: 8ms
getDefinitionAt: 9ms
getDefinitionAt: 11ms
getDefinitionAt: 9ms
getDefinitionAt: 7ms
getDefinitionAt: 6ms
getDefinitionAt: 9ms
getDefinitionAt: 8ms
getDefinitionAt: 6ms
getDefinitionAt: 9ms
getHoverAt: 6ms
Search path: c:/Users/USUARIO/Documents/ambiente/semilleroHBT/ambiente/semillero-hbt/semillero-padre/semillero-web/src/main/angular/src/app/nucleo/capa/encabezado
Config file name: c:/Users/USUARIO/Documents/ambiente/semilleroHBT/ambiente/semillero-hbt/semillero-padre/semillero-web/src/main/angular/tsconfig.json
getTemplateReferences: 0ms
getTemplateReferences: 0ms
getDiagnostics: 120ms
getDiagnostics: 242ms
updating project structure from ...
getTemplateReferences: 0ms
getTemplateReferences: 0ms
getTemplateReferences: 0ms
getTemplateReferences: 0ms
getTemplateReferences: 0ms
getTemplateReferences: 0ms
updated: ng - 0ms
getHoverAt: 0ms
getDefinitionAt: 1ms
getDefinitionAt: 0ms
getDiagnostics: 89ms
updating project structure from ...
getTemplateReferences: 41ms
getTemplateReferences: 0ms
getTemplateReferences: 0ms
getTemplateReferences: 0ms
getTemplateReferences: 0ms
getTemplateReferences: 0ms
updated: ng - 0ms
updating project structure from ...
getTemplateReferences: 0ms
getTemplateReferences: 0ms
getTemplateReferences: 0ms
getTemplateReferences: 0ms
getTemplateReferences: 0ms
getTemplateReferences: 0ms
updated: ng - 0ms
getDiagnostics: 62ms
updating project structure from ...
getTemplateReferences: 42ms
getTemplateReferences: 0ms
getTemplateReferences: 0ms
getTemplateReferences: 0ms
getTemplateReferences: 0ms
getTemplateReferences: 0ms
updated: ng - 0ms
getHoverAt: 1ms
getDiagnostics: 129ms
updating project structure from ...
getTemplateReferences: 31ms
getTemplateReferences: 0ms
getTemplateReferences: 0ms
getTemplateReferences: 0ms
getTemplateReferences: 0ms
getTemplateReferences: 0ms
updated: ng - 0ms
getDiagnostics: 65ms
updating project structure from ...
getTemplateReferences: 43ms
getTemplateReferences: 0ms
getTemplateReferences: 0ms
getTemplateReferences: 0ms
getTemplateReferences: 0ms
getTemplateReferences: 0ms
updated: ng - 0ms
getDiagnostics: 66ms
updating project structure from ...
getTemplateReferences: 41ms
getTemplateReferences: 0ms
getTemplateReferences: 0ms
getTemplateReferences: 0ms
getTemplateReferences: 0ms
getTemplateReferences: 0ms
updated: ng - 0ms
getHoverAt: 0ms
getDiagnostics: 67ms
getDiagnostics: 136ms
Search path: c:/Users/USUARIO/Documents/ambiente/semilleroHBT/ambiente/semillero-hbt/semillero-padre/semillero-web/src/main/angular/src/app/nucleo/capa/encabezado
Config file name: c:/Users/USUARIO/Documents/ambiente/semilleroHBT/ambiente/semillero-hbt/semillero-padre/semillero-web/src/main/angular/tsconfig.json
getTemplateReferences: 0ms
getTemplateReferences: 0ms
updating project structure from ...
getTemplateReferences: 0ms
getTemplateReferences: 0ms
getTemplateReferences: 0ms
getTemplateReferences: 1ms
getTemplateReferences: 0ms
getTemplateReferences: 0ms
updated: ng - 161ms
getDiagnostics: 8ms
updating project structure from ...
getTemplateReferences: 0ms
getTemplateReferences: 0ms
getTemplateReferences: 0ms
getTemplateReferences: 0ms
getTemplateReferences: 0ms
getTemplateReferences: 0ms
updated: ng - 0ms
Search path: c:/Users/USUARIO/Documents/ambiente/semilleroHBT/ambiente/semillero-hbt/semillero-padre/semillero-web/src/main/angular/src/app/nucleo/capa/encabezado
Config file name: c:/Users/USUARIO/Documents/ambiente/semilleroHBT/ambiente/semillero-hbt/semillero-padre/semillero-web/src/main/angular/tsconfig.json
getTemplateReferences: 0ms
getTemplateReferences: 0ms
getDiagnostics: 314ms
updating project structure from ...
getTemplateReferences: 0ms
getTemplateReferences: 0ms
getTemplateReferences: 0ms
getTemplateReferences: 0ms
getTemplateReferences: 0ms
getTemplateReferences: 0ms
updated: ng - 0ms
Search path: c:/Users/USUARIO/Documents/ambiente/semilleroHBT/ambiente/semillero-hbt/semillero-padre/semillero-web/src/main/angular/src/app/nucleo/capa
Config file name: c:/Users/USUARIO/Documents/ambiente/semilleroHBT/ambiente/semillero-hbt/semillero-padre/semillero-web/src/main/angular/tsconfig.json
getTemplateReferences: 0ms
getTemplateReferences: 0ms
updating project structure from ...
getTemplateReferences: 0ms
getTemplateReferences: 0ms
getTemplateReferences: 0ms
getTemplateReferences: 0ms
getTemplateReferences: 0ms
getTemplateReferences: 0ms
updated: ng - 126ms
getDiagnostics: 20ms
updating project structure from ...
getTemplateReferences: 0ms
getTemplateReferences: 0ms
getTemplateReferences: 0ms
getTemplateReferences: 0ms
getTemplateReferences: 0ms
getTemplateReferences: 0ms
updated: ng - 0ms
updating project structure from ...
getTemplateReferences: 0ms
getTemplateReferences: 0ms
getTemplateReferences: 0ms
getTemplateReferences: 0ms
getTemplateReferences: 0ms
getTemplateReferences: 0ms
updated: ng - 0ms
Search path: c:/Users/USUARIO/Documents/ambiente/semilleroHBT/ambiente/semillero-hbt/semillero-padre/semillero-web/src/main/angular/src/app
Config file name: c:/Users/USUARIO/Documents/ambiente/semilleroHBT/ambiente/semillero-hbt/semillero-padre/semillero-web/src/main/angular/tsconfig.json
getTemplateReferences: 0ms
getDiagnostics: 26ms
Detected source file changes: c:/Users/USUARIO/Documents/ambiente/semilleroHBT/ambiente/semillero-hbt/semillero-padre/semillero-web/src/main/angular/src/app/nucleo/main/main.component.spec.ts
Detected source file changes: c:/Users/USUARIO/Documents/ambiente/semilleroHBT/ambiente/semillero-hbt/semillero-padre/semillero-web/src/main/angular/src/app/nucleo/main/main.component.ts
getTemplateReferences: 0ms
updating project structure from ...
getTemplateReferences: 0ms
getTemplateReferences: 0ms
getTemplateReferences: 0ms
getTemplateReferences: 0ms
getTemplateReferences: 0ms
getTemplateReferences: 0ms
updated: ng - 124ms
Detected source file changes: c:/Users/USUARIO/Documents/ambiente/semilleroHBT/ambiente/semillero-hbt/semillero-padre/semillero-web/src/main/angular/src/app/nucleo/main/creacion-personas/creacion-personas.component.spec.ts
Detected source file changes: c:/Users/USUARIO/Documents/ambiente/semilleroHBT/ambiente/semillero-hbt/semillero-padre/semillero-web/src/main/angular/src/app/nucleo/main/creacion-personas/creacion-personas.component.ts
getTemplateReferences: 139ms
updating project structure from ...
getTemplateReferences: 0ms
getTemplateReferences: 0ms
getTemplateReferences: 0ms
getTemplateReferences: 0ms
getTemplateReferences: 0ms
getTemplateReferences: 0ms
updated: ng - 0ms
getDiagnostics: 5ms
updating project structure from ...
getTemplateReferences: 0ms
getTemplateReferences: 0ms
getTemplateReferences: 0ms
getTemplateReferences: 0ms
getTemplateReferences: 0ms
getTemplateReferences: 0ms
updated: ng - 0ms
[Info  - 9:30:17 PM] c:/Users/USUARIO/Documents/ambiente/semilleroHBT/ambiente/semillero-hbt/semillero-padre/semillero-web/src/main/angular/src/app/nucleo/main/main.component.spec.ts deleted
getTemplateReferences: 0ms
getTemplateReferences: 0ms
[Info  - 9:30:21 PM] c:/Users/USUARIO/Documents/ambiente/semilleroHBT/ambiente/semillero-hbt/semillero-padre/semillero-web/src/main/angular/src/app/nucleo/main/main.component.ts deleted
getTemplateReferences: 0ms
getTemplateReferences: 0ms
getDiagnostics: 124ms
getDiagnostics: 56ms
getCompletions: 49ms
getDiagnostics: 45ms
getDiagnostics: 60ms
updating project structure from ...
getTemplateReferences: 0ms
getTemplateReferences: 0ms
getTemplateReferences: 0ms
getTemplateReferences: 0ms
getTemplateReferences: 0ms
getTemplateReferences: 0ms
updated: ng - 48ms
getHoverAt: 1ms
getDiagnostics: 174ms
updating project structure from ...
getTemplateReferences: 0ms
getTemplateReferences: 0ms
getTemplateReferences: 0ms
getTemplateReferences: 0ms
getTemplateReferences: 0ms
getTemplateReferences: 0ms
updated: ng - 0ms
getCompletions: 0ms
getDiagnostics: 96ms
updating project structure from ...
getTemplateReferences: 0ms
getTemplateReferences: 0ms
getTemplateReferences: 0ms
getTemplateReferences: 0ms
getTemplateReferences: 0ms
getTemplateReferences: 0ms
updated: ng - 31ms
getCompletions: 52ms
getDiagnostics: 145ms
getDiagnostics: 50ms
getCompletions: 85ms
getCompletions: 99ms
getDiagnostics: 33ms
getDiagnostics: 61ms
getCompletions: 0ms
updating project structure from ...
getTemplateReferences: 0ms
getTemplateReferences: 0ms
getTemplateReferences: 0ms
getTemplateReferences: 0ms
getTemplateReferences: 1ms
getTemplateReferences: 0ms
updated: ng - 25ms
getCompletions: 22ms
getDiagnostics: 127ms
updating project structure from ...
getTemplateReferences: 0ms
getTemplateReferences: 0ms
getTemplateReferences: 0ms
getTemplateReferences: 0ms
getTemplateReferences: 0ms
getTemplateReferences: 0ms
updated: ng - 0ms
getCompletions: 38ms
getCompletions: 28ms
getDiagnostics: 28ms
updating project structure from ...
getTemplateReferences: 0ms
getTemplateReferences: 0ms
getTemplateReferences: 0ms
getTemplateReferences: 0ms
getTemplateReferences: 0ms
getTemplateReferences: 0ms
updated: ng - 25ms
getCompletions: 87ms
getCompletions: 35ms
getDiagnostics: 146ms
getDiagnostics: 96ms
getDiagnostics: 87ms
getCompletions: 93ms
getCompletions: 95ms
getDiagnostics: 18ms
getCompletions: 31ms
getCompletions: 117ms
getCompletions: 66ms
getDiagnostics: 20ms
updating project structure from ...
getTemplateReferences: 0ms
getTemplateReferences: 0ms
getTemplateReferences: 0ms
getTemplateReferences: 0ms
getTemplateReferences: 0ms
getTemplateReferences: 0ms
updated: ng - 29ms
getDiagnostics: 177ms
updating project structure from ...
getTemplateReferences: 0ms
getTemplateReferences: 0ms
getTemplateReferences: 0ms
getTemplateReferences: 0ms
getTemplateReferences: 0ms
getTemplateReferences: 0ms
updated: ng - 0ms
getDiagnostics: 55ms
updating project structure from ...
getTemplateReferences: 0ms
getTemplateReferences: 0ms
getTemplateReferences: 0ms
getTemplateReferences: 0ms
getTemplateReferences: 0ms
getTemplateReferences: 0ms
updated: ng - 41ms
getCompletions: 98ms
getDiagnostics: 279ms
updating project structure from ...
getTemplateReferences: 0ms
getTemplateReferences: 0ms
getTemplateReferences: 0ms
getTemplateReferences: 0ms
getTemplateReferences: 0ms
getTemplateReferences: 0ms
updated: ng - 0ms
getDiagnostics: 95ms
getDiagnostics: 94ms
updating project structure from ...
getTemplateReferences: 0ms
getTemplateReferences: 0ms
getTemplateReferences: 0ms
getTemplateReferences: 0ms
getTemplateReferences: 0ms
getTemplateReferences: 0ms
updated: ng - 29ms
getDiagnostics: 235ms
updating project structure from ...
getTemplateReferences: 0ms
getTemplateReferences: 0ms
getTemplateReferences: 0ms
getTemplateReferences: 0ms
getTemplateReferences: 0ms
getTemplateReferences: 0ms
updated: ng - 0ms
getDiagnostics: 92ms
updating project structure from ...
getTemplateReferences: 0ms
getTemplateReferences: 0ms
getTemplateReferences: 0ms
getTemplateReferences: 0ms
getTemplateReferences: 0ms
getTemplateReferences: 0ms
updated: ng - 38ms
getDiagnostics: 90ms
updating project structure from ...
getTemplateReferences: 0ms
getTemplateReferences: 0ms
getTemplateReferences: 0ms
getTemplateReferences: 0ms
getTemplateReferences: 0ms
getTemplateReferences: 0ms
updated: ng - 0ms
getDiagnostics: 69ms
updating project structure from ...
getTemplateReferences: 0ms
getTemplateReferences: 0ms
getTemplateReferences: 0ms
getTemplateReferences: 0ms
getTemplateReferences: 0ms
getTemplateReferences: 0ms
updated: ng - 22ms
getDiagnostics: 184ms
updating project structure from ...
getTemplateReferences: 0ms
getTemplateReferences: 0ms
getTemplateReferences: 0ms
getTemplateReferences: 0ms
getTemplateReferences: 0ms
getTemplateReferences: 0ms
updated: ng - 0ms
getDiagnostics: 66ms
updating project structure from ...
getTemplateReferences: 0ms
getTemplateReferences: 0ms
getTemplateReferences: 0ms
getTemplateReferences: 0ms
getTemplateReferences: 0ms
getTemplateReferences: 0ms
updated: ng - 26ms
getCompletions: 105ms
getDiagnostics: 85ms
getCompletions: 30ms
getDiagnostics: 115ms
updating project structure from ...
getTemplateReferences: 0ms
getTemplateReferences: 0ms
getTemplateReferences: 0ms
getTemplateReferences: 0ms
getTemplateReferences: 0ms
getTemplateReferences: 0ms
updated: ng - 20ms
getDiagnostics: 129ms
getCompletions: 52ms
getDiagnostics: 37ms
getDiagnostics: 98ms
updating project structure from ...
getTemplateReferences: 0ms
getTemplateReferences: 0ms
getTemplateReferences: 0ms
getTemplateReferences: 0ms
getTemplateReferences: 0ms
getTemplateReferences: 0ms
updated: ng - 36ms
getDiagnostics: 144ms
getDiagnostics: 106ms
updating project structure from ...
getTemplateReferences: 0ms
getTemplateReferences: 0ms
getTemplateReferences: 0ms
getTemplateReferences: 0ms
getTemplateReferences: 0ms
getTemplateReferences: 0ms
updated: ng - 25ms
getDiagnostics: 128ms
updating project structure from ...
getTemplateReferences: 0ms
getTemplateReferences: 0ms
getTemplateReferences: 0ms
getTemplateReferences: 0ms
getTemplateReferences: 0ms
getTemplateReferences: 0ms
updated: ng - 0ms
getCompletions: 46ms
getDiagnostics: 3ms
updating project structure from ...
getTemplateReferences: 0ms
getTemplateReferences: 1ms
getTemplateReferences: 0ms
getTemplateReferences: 0ms
getTemplateReferences: 0ms
getTemplateReferences: 0ms
updated: ng - 36ms
getDiagnostics: 106ms
updating project structure from ...
getTemplateReferences: 0ms
getTemplateReferences: 0ms
getTemplateReferences: 0ms
getTemplateReferences: 0ms
getTemplateReferences: 0ms
getTemplateReferences: 0ms
updated: ng - 0ms
getDiagnostics: 91ms
getDiagnostics: 41ms
getCompletions: 28ms
getDiagnostics: 58ms
updating project structure from ...
getTemplateReferences: 0ms
getTemplateReferences: 0ms
getTemplateReferences: 0ms
getTemplateReferences: 0ms
getTemplateReferences: 0ms
getTemplateReferences: 0ms
updated: ng - 42ms
getDiagnostics: 204ms
updating project structure from ...
getTemplateReferences: 0ms
getTemplateReferences: 0ms
getTemplateReferences: 0ms
getTemplateReferences: 0ms
getTemplateReferences: 0ms
getTemplateReferences: 0ms
updated: ng - 0ms
getDiagnostics: 43ms
updating project structure from ...
getTemplateReferences: 0ms
getTemplateReferences: 0ms
getTemplateReferences: 0ms
getTemplateReferences: 0ms
getTemplateReferences: 0ms
getTemplateReferences: 0ms
updated: ng - 25ms
getDiagnostics: 110ms
getDiagnostics: 83ms
getCompletions: 113ms
getDiagnostics: 107ms
getDiagnostics: 88ms
getDiagnostics: 46ms
updating project structure from ...
getTemplateReferences: 0ms
getTemplateReferences: 0ms
getTemplateReferences: 0ms
getTemplateReferences: 0ms
getTemplateReferences: 0ms
getTemplateReferences: 0ms
updated: ng - 31ms
getDiagnostics: 126ms
updating project structure from ...
getTemplateReferences: 0ms
getTemplateReferences: 0ms
getTemplateReferences: 0ms
getTemplateReferences: 0ms
getTemplateReferences: 0ms
getTemplateReferences: 0ms
updated: ng - 0ms
getDiagnostics: 66ms
updating project structure from ...
getTemplateReferences: 0ms
getTemplateReferences: 0ms
getTemplateReferences: 0ms
getTemplateReferences: 0ms
getTemplateReferences: 0ms
getTemplateReferences: 0ms
updated: ng - 18ms
getCompletions: 67ms
getDiagnostics: 64ms
updating project structure from ...
getTemplateReferences: 0ms
getTemplateReferences: 0ms
getTemplateReferences: 0ms
getTemplateReferences: 0ms
getTemplateReferences: 0ms
getTemplateReferences: 0ms
updated: ng - 0ms
getDiagnostics: 18ms
updating project structure from ...
getTemplateReferences: 0ms
getTemplateReferences: 0ms
getTemplateReferences: 0ms
getTemplateReferences: 0ms
getTemplateReferences: 0ms
getTemplateReferences: 0ms
updated: ng - 24ms
getDiagnostics: 116ms
getCompletions: 85ms
getDiagnostics: 30ms
getDiagnostics: 53ms
updating project structure from ...
getTemplateReferences: 0ms
getTemplateReferences: 0ms
getTemplateReferences: 0ms
getTemplateReferences: 0ms
getTemplateReferences: 0ms
getTemplateReferences: 0ms
updated: ng - 21ms
getDiagnostics: 88ms
updating project structure from ...
getTemplateReferences: 0ms
getTemplateReferences: 0ms
getTemplateReferences: 0ms
getTemplateReferences: 0ms
getTemplateReferences: 0ms
getTemplateReferences: 0ms
updated: ng - 0ms
getDiagnostics: 50ms
getDiagnostics: 55ms
updating project structure from ...
getTemplateReferences: 0ms
getTemplateReferences: 0ms
getTemplateReferences: 0ms
getTemplateReferences: 0ms
getTemplateReferences: 0ms
getTemplateReferences: 0ms
updated: ng - 33ms
getDiagnostics: 192ms
updating project structure from ...
getTemplateReferences: 0ms
getTemplateReferences: 0ms
getTemplateReferences: 0ms
getTemplateReferences: 0ms
getTemplateReferences: 0ms
getTemplateReferences: 0ms
updated: ng - 0ms
getDiagnostics: 78ms
updating project structure from ...
getTemplateReferences: 0ms
getTemplateReferences: 0ms
getTemplateReferences: 0ms
getTemplateReferences: 0ms
getTemplateReferences: 0ms
getTemplateReferences: 0ms
updated: ng - 28ms
getCompletions: 76ms
getDiagnostics: 154ms
updating project structure from ...
getTemplateReferences: 0ms
getTemplateReferences: 0ms
getTemplateReferences: 0ms
getTemplateReferences: 0ms
getTemplateReferences: 0ms
getTemplateReferences: 0ms
updated: ng - 0ms
getDiagnostics: 101ms
getDiagnostics: 40ms
getDiagnostics: 76ms
updating project structure from ...
getTemplateReferences: 0ms
getTemplateReferences: 0ms
getTemplateReferences: 0ms
getTemplateReferences: 0ms
getTemplateReferences: 0ms
getTemplateReferences: 0ms
updated: ng - 22ms
getDiagnostics: 189ms
getCompletions: 70ms
getDiagnostics: 54ms
getDiagnostics: 24ms
updating project structure from ...
getTemplateReferences: 0ms
getTemplateReferences: 0ms
getTemplateReferences: 0ms
getTemplateReferences: 0ms
getTemplateReferences: 0ms
getTemplateReferences: 0ms
updated: ng - 23ms
getDiagnostics: 96ms
updating project structure from ...
getTemplateReferences: 0ms
getTemplateReferences: 0ms
getTemplateReferences: 0ms
getTemplateReferences: 1ms
getTemplateReferences: 0ms
getTemplateReferences: 0ms
updated: ng - 0ms
getDiagnostics: 54ms
updating project structure from ...
getTemplateReferences: 0ms
getTemplateReferences: 0ms
getTemplateReferences: 0ms
getTemplateReferences: 0ms
getTemplateReferences: 0ms
getTemplateReferences: 0ms
updated: ng - 30ms
getCompletions: 108ms
getDiagnostics: 126ms
getDiagnostics: 85ms
updating project structure from ...
getTemplateReferences: 0ms
getTemplateReferences: 0ms
getTemplateReferences: 0ms
getTemplateReferences: 0ms
getTemplateReferences: 0ms
getTemplateReferences: 0ms
updated: ng - 23ms
getDiagnostics: 178ms
updating project structure from ...
getTemplateReferences: 0ms
getTemplateReferences: 0ms
getTemplateReferences: 0ms
getTemplateReferences: 0ms
getTemplateReferences: 0ms
getTemplateReferences: 0ms
updated: ng - 0ms
getDiagnostics: 65ms
updating project structure from ...
getTemplateReferences: 0ms
getTemplateReferences: 0ms
getTemplateReferences: 0ms
getTemplateReferences: 0ms
getTemplateReferences: 0ms
getTemplateReferences: 0ms
updated: ng - 26ms
getDiagnostics: 94ms
updating project structure from ...
getTemplateReferences: 0ms
getTemplateReferences: 0ms
getTemplateReferences: 0ms
getTemplateReferences: 0ms
getTemplateReferences: 0ms
getTemplateReferences: 0ms
updated: ng - 0ms
getDiagnostics: 47ms
updating project structure from ...
getTemplateReferences: 0ms
getTemplateReferences: 0ms
getTemplateReferences: 0ms
getTemplateReferences: 0ms
getTemplateReferences: 0ms
getTemplateReferences: 0ms
updated: ng - 21ms
getDiagnostics: 89ms
updating project structure from ...
getTemplateReferences: 0ms
getTemplateReferences: 0ms
getTemplateReferences: 0ms
getTemplateReferences: 0ms
getTemplateReferences: 0ms
getTemplateReferences: 0ms
updated: ng - 0ms
getHoverAt: 1ms
getCompletions: 131ms
getDiagnostics: 16ms
updating project structure from ...
getTemplateReferences: 0ms
getTemplateReferences: 0ms
getTemplateReferences: 0ms
getTemplateReferences: 0ms
getTemplateReferences: 0ms
getTemplateReferences: 0ms
updated: ng - 49ms
getCompletions: 1ms
getHoverAt: 1ms
getCompletions: 94ms
getDiagnostics: 92ms
getDiagnostics: 214ms
updating project structure from ...
getTemplateReferences: 0ms
getTemplateReferences: 0ms
getTemplateReferences: 0ms
getTemplateReferences: 0ms
getTemplateReferences: 0ms
getTemplateReferences: 0ms
updated: ng - 22ms
getDiagnostics: 228ms
updating project structure from ...
getTemplateReferences: 0ms
getTemplateReferences: 0ms
getTemplateReferences: 0ms
getTemplateReferences: 0ms
getTemplateReferences: 0ms
getTemplateReferences: 0ms
updated: ng - 0ms
getHoverAt: 0ms
getCompletions: 109ms
getDiagnostics: 2ms
updating project structure from ...
getTemplateReferences: 0ms
getTemplateReferences: 0ms
getTemplateReferences: 0ms
getTemplateReferences: 0ms
getTemplateReferences: 0ms
getTemplateReferences: 0ms
updated: ng - 24ms
getHoverAt: 0ms
getDiagnostics: 231ms
updating project structure from ...
getTemplateReferences: 0ms
getTemplateReferences: 0ms
getTemplateReferences: 0ms
getTemplateReferences: 0ms
getTemplateReferences: 0ms
getTemplateReferences: 0ms
updated: ng - 0ms
getHoverAt: 0ms
getHoverAt: 0ms
getDiagnostics: 341ms
getCompletions: 106ms
getDiagnostics: 27ms
getCompletions: 181ms
getDiagnostics: 23ms
updating project structure from ...
getTemplateReferences: 0ms
getTemplateReferences: 0ms
getTemplateReferences: 0ms
getTemplateReferences: 0ms
getTemplateReferences: 0ms
getTemplateReferences: 0ms
updated: ng - 34ms
getCompletions: 98ms
getDiagnostics: 73ms
updating project structure from ...
getTemplateReferences: 0ms
getTemplateReferences: 0ms
getTemplateReferences: 0ms
getTemplateReferences: 0ms
getTemplateReferences: 0ms
getTemplateReferences: 0ms
updated: ng - 0ms
getCompletions: 116ms
getDiagnostics: 22ms
updating project structure from ...
getTemplateReferences: 0ms
getTemplateReferences: 0ms
getTemplateReferences: 0ms
getTemplateReferences: 0ms
getTemplateReferences: 0ms
getTemplateReferences: 0ms
updated: ng - 22ms
getDiagnostics: 135ms
updating project structure from ...
getTemplateReferences: 0ms
getTemplateReferences: 0ms
getTemplateReferences: 0ms
getTemplateReferences: 0ms
getTemplateReferences: 0ms
getTemplateReferences: 0ms
updated: ng - 0ms
getDiagnostics: 143ms
updating project structure from ...
getTemplateReferences: 0ms
getTemplateReferences: 0ms
getTemplateReferences: 0ms
getTemplateReferences: 0ms
getTemplateReferences: 0ms
getTemplateReferences: 0ms
updated: ng - 28ms
getDiagnostics: 169ms
updating project structure from ...
getTemplateReferences: 0ms
getTemplateReferences: 0ms
getTemplateReferences: 0ms
getTemplateReferences: 0ms
getTemplateReferences: 0ms
getTemplateReferences: 0ms
updated: ng - 0ms
getDiagnostics: 100ms
updating project structure from ...
getTemplateReferences: 0ms
getTemplateReferences: 0ms
getTemplateReferences: 0ms
getTemplateReferences: 0ms
getTemplateReferences: 0ms
getTemplateReferences: 0ms
updated: ng - 25ms
getDiagnostics: 142ms
getCompletions: 0ms
updating project structure from ...
getTemplateReferences: 0ms
getTemplateReferences: 0ms
getTemplateReferences: 0ms
getTemplateReferences: 0ms
getTemplateReferences: 1ms
getTemplateReferences: 0ms
updated: ng - 0ms
getDiagnostics: 150ms
updating project structure from ...
getTemplateReferences: 0ms
getTemplateReferences: 0ms
getTemplateReferences: 0ms
getTemplateReferences: 0ms
getTemplateReferences: 0ms
getTemplateReferences: 0ms
updated: ng - 24ms
getDiagnostics: 170ms
updating project structure from ...
getTemplateReferences: 0ms
getTemplateReferences: 0ms
getTemplateReferences: 0ms
getTemplateReferences: 0ms
getTemplateReferences: 0ms
getTemplateReferences: 0ms
updated: ng - 0ms
getDiagnostics: 155ms
updating project structure from ...
getTemplateReferences: 0ms
getTemplateReferences: 0ms
getTemplateReferences: 1ms
getTemplateReferences: 0ms
getTemplateReferences: 0ms
getTemplateReferences: 0ms
updated: ng - 26ms
getHoverAt: 1ms
Search path: c:/Users/USUARIO/Documents/ambiente/semilleroHBT/ambiente/semillero-hbt/semillero-padre/semillero-web/src/main/angular/src/app/nucleo/capa/main
Config file name: c:/Users/USUARIO/Documents/ambiente/semilleroHBT/ambiente/semillero-hbt/semillero-padre/semillero-web/src/main/angular/tsconfig.json
getTemplateReferences: 62ms
getTemplateReferences: 0ms
getDiagnostics: 5ms
getDiagnostics: 1ms
updating project structure from ...
getTemplateReferences: 0ms
getTemplateReferences: 0ms
getTemplateReferences: 0ms
getTemplateReferences: 1ms
getTemplateReferences: 0ms
getTemplateReferences: 0ms
updated: ng - 0ms
Search path: c:/Users/USUARIO/Documents/ambiente/semilleroHBT/ambiente/semillero-hbt/semillero-padre/semillero-web/src/main/angular/src/app/nucleo/capa/main
Config file name: c:/Users/USUARIO/Documents/ambiente/semilleroHBT/ambiente/semillero-hbt/semillero-padre/semillero-web/src/main/angular/tsconfig.json
getTemplateReferences: 0ms
getTemplateReferences: 0ms
getDiagnostics: 148ms
getDiagnostics: 15ms
updating project structure from ...
getTemplateReferences: 0ms
getTemplateReferences: 0ms
getTemplateReferences: 0ms
getTemplateReferences: 0ms
getTemplateReferences: 0ms
getTemplateReferences: 0ms
updated: ng - 0ms
getHoverAt: 36ms
getHoverAt: 0ms
getDiagnostics: 2ms
getHoverAt: 1ms
updating project structure from ...
getTemplateReferences: 0ms
getTemplateReferences: 0ms
getTemplateReferences: 0ms
getTemplateReferences: 0ms
getTemplateReferences: 0ms
getTemplateReferences: 0ms
updated: ng - 0ms
getDiagnostics: 195ms
updating project structure from ...
getTemplateReferences: 0ms
getTemplateReferences: 0ms
getTemplateReferences: 0ms
getTemplateReferences: 0ms
getTemplateReferences: 0ms
getTemplateReferences: 0ms
updated: ng - 43ms
getDiagnostics: 113ms
updating project structure from ...
getTemplateReferences: 0ms
getTemplateReferences: 0ms
getTemplateReferences: 0ms
getTemplateReferences: 0ms
getTemplateReferences: 0ms
getTemplateReferences: 0ms
updated: ng - 0ms
getDiagnostics: 37ms
updating project structure from ...
getTemplateReferences: 0ms
getTemplateReferences: 0ms
getTemplateReferences: 0ms
getTemplateReferences: 0ms
getTemplateReferences: 0ms
getTemplateReferences: 0ms
updated: ng - 23ms
Search path: c:/Users/USUARIO/Documents/ambiente/semilleroHBT/ambiente/semillero-hbt/semillero-padre/semillero-web/src/main/angular/src/app
Config file name: c:/Users/USUARIO/Documents/ambiente/semilleroHBT/ambiente/semillero-hbt/semillero-padre/semillero-web/src/main/angular/tsconfig.json
getTemplateReferences: 60ms
getDiagnostics: 6ms
updating project structure from ...
getTemplateReferences: 0ms
getTemplateReferences: 0ms
getTemplateReferences: 0ms
getTemplateReferences: 0ms
getTemplateReferences: 0ms
getTemplateReferences: 0ms
updated: ng - 0ms
getHoverAt: 1ms
getHoverAt: 0ms
getDiagnostics: 46ms
getCompletions: 49ms
getDiagnostics: 88ms
getDiagnostics: 61ms
updating project structure from ...
getTemplateReferences: 0ms
getTemplateReferences: 0ms
getTemplateReferences: 0ms
getTemplateReferences: 0ms
getTemplateReferences: 0ms
getTemplateReferences: 0ms
updated: ng - 24ms
getCompletions: 105ms
getDiagnostics: 115ms
updating project structure from ...
getTemplateReferences: 0ms
getTemplateReferences: 0ms
getTemplateReferences: 0ms
getTemplateReferences: 0ms
getTemplateReferences: 0ms
getTemplateReferences: 0ms
updated: ng - 0ms
getCompletions: 60ms
getCompletions: 55ms
getCompletions: 98ms
getDiagnostics: 52ms
getCompletions: 32ms
getDiagnostics: 26ms
getCompletions: 67ms
getDiagnostics: 23ms
updating project structure from ...
getTemplateReferences: 0ms
getTemplateReferences: 0ms
getTemplateReferences: 0ms
getTemplateReferences: 0ms
getTemplateReferences: 0ms
getTemplateReferences: 0ms
updated: ng - 32ms
getDiagnostics: 106ms
getDiagnostics: 108ms
getCompletions: 120ms
getDiagnostics: 65ms
updating project structure from ...
getTemplateReferences: 0ms
getTemplateReferences: 0ms
getTemplateReferences: 0ms
getTemplateReferences: 0ms
getTemplateReferences: 0ms
getTemplateReferences: 0ms
updated: ng - 20ms
getDiagnostics: 146ms
updating project structure from ...
getTemplateReferences: 0ms
getTemplateReferences: 1ms
getTemplateReferences: 0ms
getTemplateReferences: 0ms
getTemplateReferences: 0ms
getTemplateReferences: 0ms
updated: ng - 0ms
getCompletions: 119ms
getDiagnostics: 100ms
updating project structure from ...
getTemplateReferences: 0ms
getTemplateReferences: 0ms
getTemplateReferences: 0ms
getTemplateReferences: 0ms
getTemplateReferences: 0ms
getTemplateReferences: 0ms
updated: ng - 20ms
getDiagnostics: 277ms
getDiagnostics: 145ms
updating project structure from ...
getTemplateReferences: 0ms
getTemplateReferences: 0ms
getTemplateReferences: 0ms
getTemplateReferences: 0ms
getTemplateReferences: 0ms
getTemplateReferences: 0ms
updated: ng - 24ms
getDiagnostics: 155ms
getDiagnostics: 131ms
updating project structure from ...
getTemplateReferences: 0ms
getTemplateReferences: 0ms
getTemplateReferences: 0ms
getTemplateReferences: 0ms
getTemplateReferences: 0ms
getTemplateReferences: 0ms
updated: ng - 19ms
getDiagnostics: 185ms
getDiagnostics: 121ms
updating project structure from ...
getTemplateReferences: 0ms
getTemplateReferences: 0ms
getTemplateReferences: 0ms
getTemplateReferences: 0ms
getTemplateReferences: 0ms
getTemplateReferences: 0ms
updated: ng - 17ms
getDiagnostics: 204ms
updating project structure from ...
getTemplateReferences: 0ms
getTemplateReferences: 0ms
getTemplateReferences: 1ms
getTemplateReferences: 0ms
getTemplateReferences: 0ms
getTemplateReferences: 0ms
updated: ng - 0ms
getDiagnostics: 33ms
updating project structure from ...
getTemplateReferences: 0ms
getTemplateReferences: 0ms
getTemplateReferences: 0ms
getTemplateReferences: 0ms
getTemplateReferences: 0ms
getTemplateReferences: 0ms
updated: ng - 24ms
getHoverAt: 1ms
getDiagnostics: 99ms
updating project structure from ...
getTemplateReferences: 0ms
getTemplateReferences: 0ms
getTemplateReferences: 0ms
getTemplateReferences: 0ms
getTemplateReferences: 0ms
getTemplateReferences: 0ms
updated: ng - 0ms
getDiagnostics: 91ms
getDiagnostics: 43ms
getCompletions: 39ms
getDiagnostics: 71ms
getDiagnostics: 40ms
updating project structure from ...
getTemplateReferences: 0ms
getTemplateReferences: 0ms
getTemplateReferences: 0ms
getTemplateReferences: 0ms
getTemplateReferences: 0ms
getTemplateReferences: 0ms
updated: ng - 20ms
getDiagnostics: 108ms
getDiagnostics: 55ms
updating project structure from ...
getTemplateReferences: 0ms
getTemplateReferences: 0ms
getTemplateReferences: 0ms
getTemplateReferences: 0ms
getTemplateReferences: 0ms
getTemplateReferences: 0ms
updated: ng - 24ms
getDiagnostics: 94ms
updating project structure from ...
getTemplateReferences: 0ms
getTemplateReferences: 0ms
getTemplateReferences: 0ms
getTemplateReferences: 0ms
getTemplateReferences: 0ms
getTemplateReferences: 0ms
updated: ng - 0ms
getCompletions: 24ms
getDiagnostics: 34ms
getDiagnostics: 51ms
updating project structure from ...
getTemplateReferences: 0ms
getTemplateReferences: 0ms
getTemplateReferences: 0ms
getTemplateReferences: 0ms
getTemplateReferences: 0ms
getTemplateReferences: 0ms
updated: ng - 25ms
getDiagnostics: 133ms
getDiagnostics: 88ms
updating project structure from ...
getTemplateReferences: 0ms
getTemplateReferences: 0ms
getTemplateReferences: 0ms
getTemplateReferences: 0ms
getTemplateReferences: 0ms
getTemplateReferences: 0ms
updated: ng - 20ms
getCompletions: 1ms
getDiagnostics: 149ms
updating project structure from ...
getTemplateReferences: 0ms
getTemplateReferences: 0ms
getTemplateReferences: 0ms
getTemplateReferences: 0ms
getTemplateReferences: 0ms
getTemplateReferences: 0ms
updated: ng - 0ms
getDiagnostics: 58ms
updating project structure from ...
getTemplateReferences: 0ms
getTemplateReferences: 0ms
getTemplateReferences: 1ms
getTemplateReferences: 0ms
getTemplateReferences: 0ms
getTemplateReferences: 0ms
updated: ng - 23ms
getCompletions: 59ms
getDiagnostics: 130ms
updating project structure from ...
getTemplateReferences: 0ms
getTemplateReferences: 0ms
getTemplateReferences: 0ms
getTemplateReferences: 0ms
getTemplateReferences: 0ms
getTemplateReferences: 0ms
updated: ng - 0ms
getDiagnostics: 53ms
getDiagnostics: 48ms
getDiagnostics: 55ms
getDiagnostics: 59ms
updating project structure from ...
getTemplateReferences: 0ms
getTemplateReferences: 0ms
getTemplateReferences: 0ms
getTemplateReferences: 0ms
getTemplateReferences: 0ms
getTemplateReferences: 0ms
updated: ng - 25ms
getDiagnostics: 105ms
updating project structure from ...
getTemplateReferences: 0ms
getTemplateReferences: 0ms
getTemplateReferences: 0ms
getTemplateReferences: 0ms
getTemplateReferences: 0ms
getTemplateReferences: 0ms
updated: ng - 0ms
getDiagnostics: 37ms
updating project structure from ...
getTemplateReferences: 0ms
getTemplateReferences: 1ms
getTemplateReferences: 0ms
getTemplateReferences: 0ms
getTemplateReferences: 0ms
getTemplateReferences: 0ms
updated: ng - 22ms
getDiagnostics: 81ms
getDiagnostics: 39ms
updating project structure from ...
getTemplateReferences: 0ms
getTemplateReferences: 0ms
getTemplateReferences: 0ms
getTemplateReferences: 0ms
getTemplateReferences: 0ms
getTemplateReferences: 0ms
updated: ng - 25ms
getDiagnostics: 86ms
updating project structure from ...
getTemplateReferences: 0ms
getTemplateReferences: 0ms
getTemplateReferences: 0ms
getTemplateReferences: 0ms
getTemplateReferences: 0ms
getTemplateReferences: 0ms
updated: ng - 0ms
getCompletions: 104ms
getDiagnostics: 87ms
getDiagnostics: 70ms
getDiagnostics: 33ms
getDiagnostics: 113ms
getDiagnostics: 40ms
updating project structure from ...
getTemplateReferences: 0ms
getTemplateReferences: 0ms
getTemplateReferences: 0ms
getTemplateReferences: 0ms
getTemplateReferences: 0ms
getTemplateReferences: 0ms
updated: ng - 26ms
getDiagnostics: 103ms
updating project structure from ...
getTemplateReferences: 0ms
getTemplateReferences: 0ms
getTemplateReferences: 0ms
getTemplateReferences: 0ms
getTemplateReferences: 0ms
getTemplateReferences: 0ms
updated: ng - 0ms
getCompletions: 100ms
getDiagnostics: 9ms
getDiagnostics: 47ms
updating project structure from ...
getTemplateReferences: 0ms
getTemplateReferences: 0ms
getTemplateReferences: 0ms
getTemplateReferences: 0ms
getTemplateReferences: 0ms
getTemplateReferences: 0ms
updated: ng - 19ms
getDiagnostics: 98ms
getCompletions: 84ms
getDiagnostics: 77ms
getDiagnostics: 97ms
updating project structure from ...
getTemplateReferences: 0ms
getTemplateReferences: 0ms
getTemplateReferences: 0ms
getTemplateReferences: 0ms
getTemplateReferences: 0ms
getTemplateReferences: 0ms
updated: ng - 26ms
getDiagnostics: 100ms
updating project structure from ...
getTemplateReferences: 1ms
getTemplateReferences: 0ms
getTemplateReferences: 0ms
getTemplateReferences: 0ms
getTemplateReferences: 0ms
getTemplateReferences: 0ms
updated: ng - 0ms
getHoverAt: 0ms
getCompletions: 51ms
getDiagnostics: 17ms
updating project structure from ...
getTemplateReferences: 0ms
getTemplateReferences: 0ms
getTemplateReferences: 0ms
getTemplateReferences: 0ms
getTemplateReferences: 0ms
getTemplateReferences: 0ms
updated: ng - 25ms
getDiagnostics: 121ms
updating project structure from ...
getTemplateReferences: 0ms
getTemplateReferences: 0ms
getTemplateReferences: 0ms
getTemplateReferences: 0ms
getTemplateReferences: 0ms
getTemplateReferences: 0ms
updated: ng - 0ms
getDefinitionAt: 0ms
getHoverAt: 0ms
getDefinitionAt: 0ms
Search path: c:/Users/USUARIO/Documents/ambiente/semilleroHBT/ambiente/semillero-hbt/semillero-padre/semillero-web/src/main/angular/node_modules/@angular/router/src
Config file name: c:/Users/USUARIO/Documents/ambiente/semilleroHBT/ambiente/semillero-hbt/semillero-padre/semillero-web/src/main/angular/tsconfig.json
getTemplateReferences: 0ms
getTemplateReferences: 0ms
getDiagnostics: 1ms
getDefinitionAt: 1ms
getDefinitionAt: 43ms
getDiagnostics: 11ms
updating project structure from ...
getTemplateReferences: 0ms
getTemplateReferences: 0ms
getTemplateReferences: 0ms
getTemplateReferences: 0ms
getTemplateReferences: 0ms
getTemplateReferences: 0ms
updated: ng - 24ms
Search path: c:/Users/USUARIO/Documents/ambiente/semilleroHBT/ambiente/semillero-hbt/semillero-padre/semillero-web/src/main/angular/src/app
Config file name: c:/Users/USUARIO/Documents/ambiente/semilleroHBT/ambiente/semillero-hbt/semillero-padre/semillero-web/src/main/angular/tsconfig.json
getTemplateReferences: 69ms
getDiagnostics: 9ms
updating project structure from ...
getTemplateReferences: 0ms
getTemplateReferences: 0ms
getTemplateReferences: 0ms
getTemplateReferences: 0ms
getTemplateReferences: 0ms
getTemplateReferences: 0ms
updated: ng - 0ms
Search path: c:/Users/USUARIO/Documents/ambiente/semilleroHBT/ambiente/semillero-hbt/semillero-padre/semillero-web/src/main/angular/src/app/nucleo/capa/main/creacion-personas
Config file name: c:/Users/USUARIO/Documents/ambiente/semilleroHBT/ambiente/semillero-hbt/semillero-padre/semillero-web/src/main/angular/tsconfig.json
getTemplateReferences: 0ms
getTemplateReferences: 0ms
Angular Language Service: 5.2.2-250c8da
TypeScript: 2.6.2
getTemplateReferences: 843ms
getDiagnostics: 0ms
getDiagnostics: 21ms
updating project structure from ...
getTemplateReferences: 1ms
getTemplateReferences: 0ms
getTemplateReferences: 0ms
getTemplateReferences: 0ms
getTemplateReferences: 0ms
getTemplateReferences: 0ms
getTemplateReferences: 0ms
getTemplateReferences: 0ms
updated: ng - 125ms
updating project structure from ...
getTemplateReferences: 3ms
getTemplateReferences: 0ms
getTemplateReferences: 0ms
getTemplateReferences: 0ms
getTemplateReferences: 0ms
getTemplateReferences: 0ms
getTemplateReferences: 0ms
getTemplateReferences: 0ms
updated: ng - 0ms
getCompletions: 3ms
getDiagnostics: 0ms
getDiagnostics: 2ms
getDiagnostics: 1ms
getDiagnostics: 2ms
updating project structure from ...
getTemplateReferences: 0ms
getTemplateReferences: 0ms
getTemplateReferences: 0ms
getTemplateReferences: 0ms
getTemplateReferences: 0ms
getTemplateReferences: 0ms
getTemplateReferences: 0ms
getTemplateReferences: 0ms
updated: ng - 42ms
getCompletions: 4ms
getDiagnostics: 53ms
getCompletions: 2ms
getDiagnostics: 7ms
getCompletions: 4ms
getDiagnostics: 2ms
getDiagnostics: 2ms
updating project structure from ...
getTemplateReferences: 0ms
getTemplateReferences: 0ms
getTemplateReferences: 0ms
getTemplateReferences: 0ms
getTemplateReferences: 0ms
getTemplateReferences: 0ms
getTemplateReferences: 0ms
getTemplateReferences: 0ms
updated: ng - 27ms
getDiagnostics: 30ms
getDiagnostics: 1ms
updating project structure from ...
getTemplateReferences: 0ms
getTemplateReferences: 0ms
getTemplateReferences: 0ms
getTemplateReferences: 0ms
getTemplateReferences: 0ms
getTemplateReferences: 0ms
getTemplateReferences: 0ms
getTemplateReferences: 0ms
updated: ng - 22ms
getDefinitionAt: 0ms
getDefinitionAt: 2ms
getDefinitionAt: 1ms
getDefinitionAt: 0ms
getDefinitionAt: 0ms
getDefinitionAt: 0ms
getDefinitionAt: 0ms
getDefinitionAt: 0ms
getDefinitionAt: 1ms
getDefinitionAt: 0ms
getDefinitionAt: 1ms
getDefinitionAt: 0ms
getDefinitionAt: 1ms
getDefinitionAt: 0ms
getDefinitionAt: 1ms
getDefinitionAt: 0ms
getDefinitionAt: 0ms
getDefinitionAt: 0ms
getDefinitionAt: 1ms
getDefinitionAt: 1ms
getDefinitionAt: 0ms
getDefinitionAt: 0ms
getDefinitionAt: 0ms
getDefinitionAt: 0ms
getDefinitionAt: 0ms
getDefinitionAt: 1ms
getDefinitionAt: 1ms
getDefinitionAt: 0ms
getDefinitionAt: 0ms
getDefinitionAt: 0ms
getDefinitionAt: 1ms
getDefinitionAt: 0ms
getDefinitionAt: 0ms
getDefinitionAt: 1ms
getDefinitionAt: 0ms
getDefinitionAt: 0ms
getDefinitionAt: 0ms
getDefinitionAt: 0ms
getDefinitionAt: 0ms
getDefinitionAt: 0ms
getDiagnostics: 60ms
updating project structure from ...
getTemplateReferences: 0ms
getTemplateReferences: 0ms
getTemplateReferences: 0ms
getTemplateReferences: 0ms
getTemplateReferences: 0ms
getTemplateReferences: 0ms
getTemplateReferences: 0ms
getTemplateReferences: 0ms
updated: ng - 0ms
getHoverAt: 0ms
getDiagnostics: 8ms
getHoverAt: 1ms
updating project structure from ...
getTemplateReferences: 0ms
getTemplateReferences: 0ms
getTemplateReferences: 0ms
getTemplateReferences: 0ms
getTemplateReferences: 0ms
getTemplateReferences: 0ms
getTemplateReferences: 0ms
getTemplateReferences: 0ms
updated: ng - 27ms
getDiagnostics: 63ms
updating project structure from ...
getTemplateReferences: 0ms
getTemplateReferences: 0ms
getTemplateReferences: 0ms
getTemplateReferences: 0ms
getTemplateReferences: 0ms
getTemplateReferences: 0ms
getTemplateReferences: 0ms
getTemplateReferences: 0ms
updated: ng - 0ms
getDiagnostics: 6ms
updating project structure from ...
getTemplateReferences: 0ms
getTemplateReferences: 0ms
getTemplateReferences: 0ms
getTemplateReferences: 0ms
getTemplateReferences: 0ms
getTemplateReferences: 0ms
getTemplateReferences: 0ms
getTemplateReferences: 0ms
updated: ng - 31ms
getDiagnostics: 50ms
updating project structure from ...
getTemplateReferences: 0ms
getTemplateReferences: 0ms
getTemplateReferences: 0ms
getTemplateReferences: 1ms
getTemplateReferences: 0ms
getTemplateReferences: 0ms
getTemplateReferences: 0ms
getTemplateReferences: 0ms
updated: ng - 0ms
getHoverAt: 1ms
getHoverAt: 0ms
getCompletions: 9ms
getDiagnostics: 6ms
getHoverAt: 0ms
updating project structure from ...
getTemplateReferences: 0ms
getTemplateReferences: 0ms
getTemplateReferences: 0ms
getTemplateReferences: 0ms
getTemplateReferences: 0ms
getTemplateReferences: 0ms
getTemplateReferences: 0ms
getTemplateReferences: 0ms
updated: ng - 26ms
getHoverAt: 0ms
getCompletions: 9ms
getCompletions: 11ms
getDiagnostics: 104ms
getCompletions: 8ms
getDiagnostics: 0ms
updating project structure from ...
getTemplateReferences: 0ms
getTemplateReferences: 0ms
getTemplateReferences: 0ms
getTemplateReferences: 0ms
getTemplateReferences: 0ms
getTemplateReferences: 0ms
getTemplateReferences: 0ms
getTemplateReferences: 0ms
updated: ng - 29ms
getHoverAt: 0ms
getCompletions: 12ms
getCompletions: 9ms
getDiagnostics: 47ms
updating project structure from ...
getTemplateReferences: 0ms
getTemplateReferences: 0ms
getTemplateReferences: 0ms
getTemplateReferences: 0ms
getTemplateReferences: 0ms
getTemplateReferences: 0ms
getTemplateReferences: 0ms
getTemplateReferences: 0ms
updated: ng - 0ms
getHoverAt: 0ms
getDiagnostics: 7ms
updating project structure from ...
getTemplateReferences: 0ms
getTemplateReferences: 0ms
getTemplateReferences: 0ms
getTemplateReferences: 0ms
getTemplateReferences: 0ms
getTemplateReferences: 0ms
getTemplateReferences: 0ms
getTemplateReferences: 0ms
updated: ng - 22ms
getHoverAt: 1ms
getCompletions: 10ms
getDiagnostics: 62ms
getCompletions: 22ms
getDiagnostics: 5ms
updating project structure from ...
getTemplateReferences: 0ms
getTemplateReferences: 0ms
getTemplateReferences: 0ms
getTemplateReferences: 0ms
getTemplateReferences: 0ms
getTemplateReferences: 0ms
getTemplateReferences: 0ms
getTemplateReferences: 0ms
updated: ng - 22ms
getDiagnostics: 53ms
updating project structure from ...
getTemplateReferences: 0ms
getTemplateReferences: 0ms
getTemplateReferences: 0ms
getTemplateReferences: 0ms
getTemplateReferences: 0ms
getTemplateReferences: 0ms
getTemplateReferences: 0ms
getTemplateReferences: 0ms
updated: ng - 0ms
getDefinitionAt: 3ms
getDefinitionAt: 0ms
getDefinitionAt: 0ms
getDefinitionAt: 0ms
getDefinitionAt: 0ms
getDefinitionAt: 0ms
getDefinitionAt: 0ms
getDiagnostics: 0ms
updating project structure from ...
getTemplateReferences: 0ms
getTemplateReferences: 0ms
getTemplateReferences: 0ms
getTemplateReferences: 0ms
getTemplateReferences: 0ms
getTemplateReferences: 0ms
getTemplateReferences: 0ms
getTemplateReferences: 0ms
updated: ng - 24ms
getHoverAt: 15ms
getDiagnostics: 31ms
updating project structure from ...
getTemplateReferences: 0ms
getTemplateReferences: 0ms
getTemplateReferences: 0ms
getTemplateReferences: 0ms
getTemplateReferences: 0ms
getTemplateReferences: 0ms
getTemplateReferences: 0ms
getTemplateReferences: 0ms
updated: ng - 0ms
getCompletions: 8ms
getDiagnostics: 0ms
updating project structure from ...
getTemplateReferences: 0ms
getTemplateReferences: 0ms
getTemplateReferences: 0ms
getTemplateReferences: 0ms
getTemplateReferences: 1ms
getTemplateReferences: 0ms
getTemplateReferences: 0ms
getTemplateReferences: 0ms
updated: ng - 28ms
getHoverAt: 0ms
getDiagnostics: 49ms
getCompletions: 0ms
updating project structure from ...
getTemplateReferences: 0ms
getTemplateReferences: 0ms
getTemplateReferences: 0ms
getTemplateReferences: 0ms
getTemplateReferences: 0ms
getTemplateReferences: 0ms
getTemplateReferences: 0ms
getTemplateReferences: 0ms
updated: ng - 0ms
getHoverAt: 0ms
getCompletions: 0ms
getDiagnostics: 6ms
updating project structure from ...
getTemplateReferences: 0ms
getTemplateReferences: 0ms
getTemplateReferences: 0ms
getTemplateReferences: 0ms
getTemplateReferences: 0ms
getTemplateReferences: 0ms
getTemplateReferences: 0ms
getTemplateReferences: 0ms
updated: ng - 26ms
getHoverAt: 0ms
getCompletions: 12ms
getDiagnostics: 60ms
updating project structure from ...
getTemplateReferences: 0ms
getTemplateReferences: 0ms
getTemplateReferences: 0ms
getTemplateReferences: 0ms
getTemplateReferences: 0ms
getTemplateReferences: 0ms
getTemplateReferences: 0ms
getTemplateReferences: 0ms
updated: ng - 0ms
getHoverAt: 0ms
getHoverAt: 4ms
getCompletions: 1ms
getDiagnostics: 0ms
updating project structure from ...
getTemplateReferences: 0ms
getTemplateReferences: 0ms
getTemplateReferences: 0ms
getTemplateReferences: 0ms
getTemplateReferences: 0ms
getTemplateReferences: 0ms
getTemplateReferences: 0ms
getTemplateReferences: 0ms
updated: ng - 24ms
getDiagnostics: 44ms
updating project structure from ...
getTemplateReferences: 0ms
getTemplateReferences: 0ms
getTemplateReferences: 0ms
getTemplateReferences: 0ms
getTemplateReferences: 0ms
getTemplateReferences: 0ms
getTemplateReferences: 0ms
getTemplateReferences: 0ms
updated: ng - 0ms
getDiagnostics: 6ms
getDiagnostics: 13ms
getCompletions: 10ms
getCompletions: 5ms
getDiagnostics: 1ms
updating project structure from ...
getTemplateReferences: 0ms
getTemplateReferences: 0ms
getTemplateReferences: 0ms
getTemplateReferences: 0ms
getTemplateReferences: 0ms
getTemplateReferences: 0ms
getTemplateReferences: 0ms
getTemplateReferences: 0ms
updated: ng - 24ms
getCompletions: 8ms
getDiagnostics: 59ms
updating project structure from ...
getTemplateReferences: 0ms
getTemplateReferences: 0ms
getTemplateReferences: 0ms
getTemplateReferences: 0ms
getTemplateReferences: 0ms
getTemplateReferences: 0ms
getTemplateReferences: 0ms
getTemplateReferences: 0ms
updated: ng - 0ms
getDiagnostics: 10ms
updating project structure from ...
getTemplateReferences: 0ms
getTemplateReferences: 0ms
getTemplateReferences: 0ms
getTemplateReferences: 0ms
getTemplateReferences: 0ms
getTemplateReferences: 0ms
getTemplateReferences: 0ms
getTemplateReferences: 0ms
updated: ng - 24ms
getCompletions: 5ms
getDiagnostics: 57ms
getCompletions: 9ms
getDiagnostics: 0ms
updating project structure from ...
getTemplateReferences: 0ms
getTemplateReferences: 0ms
getTemplateReferences: 0ms
getTemplateReferences: 0ms
getTemplateReferences: 0ms
getTemplateReferences: 0ms
getTemplateReferences: 0ms
getTemplateReferences: 0ms
updated: ng - 30ms
getCompletions: 9ms
getCompletions: 10ms
getDiagnostics: 50ms
updating project structure from ...
getTemplateReferences: 0ms
getTemplateReferences: 0ms
getTemplateReferences: 0ms
getTemplateReferences: 0ms
getTemplateReferences: 0ms
getTemplateReferences: 0ms
getTemplateReferences: 0ms
getTemplateReferences: 0ms
updated: ng - 0ms
getCompletions: 15ms
getDiagnostics: 0ms
updating project structure from ...
getTemplateReferences: 0ms
getTemplateReferences: 0ms
getTemplateReferences: 0ms
getTemplateReferences: 0ms
getTemplateReferences: 0ms
getTemplateReferences: 0ms
getTemplateReferences: 0ms
getTemplateReferences: 0ms
updated: ng - 24ms
getCompletions: 10ms
getDiagnostics: 45ms
updating project structure from ...
getTemplateReferences: 0ms
getTemplateReferences: 0ms
getTemplateReferences: 0ms
getTemplateReferences: 0ms
getTemplateReferences: 0ms
getTemplateReferences: 0ms
getTemplateReferences: 0ms
getTemplateReferences: 0ms
updated: ng - 0ms
getCompletions: 3ms
getCompletions: 10ms
getCompletions: 6ms
getCompletions: 7ms
getCompletions: 7ms
getDiagnostics: 1ms
getCompletions: 10ms
getCompletions: 13ms
getCompletions: 6ms
getDiagnostics: 5ms
getDiagnostics: 6ms
updating project structure from ...
getTemplateReferences: 0ms
getTemplateReferences: 0ms
getTemplateReferences: 0ms
getTemplateReferences: 0ms
getTemplateReferences: 0ms
getTemplateReferences: 0ms
getTemplateReferences: 0ms
getTemplateReferences: 0ms
updated: ng - 42ms
getDiagnostics: 55ms
updating project structure from ...
getTemplateReferences: 0ms
getTemplateReferences: 0ms
getTemplateReferences: 0ms
getTemplateReferences: 0ms
getTemplateReferences: 0ms
getTemplateReferences: 0ms
getTemplateReferences: 0ms
getTemplateReferences: 0ms
updated: ng - 0ms
getDiagnostics: 6ms
updating project structure from ...
getTemplateReferences: 0ms
getTemplateReferences: 0ms
getTemplateReferences: 0ms
getTemplateReferences: 0ms
getTemplateReferences: 0ms
getTemplateReferences: 0ms
getTemplateReferences: 0ms
getTemplateReferences: 0ms
updated: ng - 42ms
getDefinitionAt: 0ms
getDefinitionAt: 0ms
getDefinitionAt: 1ms
getDefinitionAt: 1ms
getDefinitionAt: 1ms
getDefinitionAt: 0ms
getDiagnostics: 44ms
updating project structure from ...
getTemplateReferences: 0ms
getTemplateReferences: 0ms
getTemplateReferences: 0ms
getTemplateReferences: 0ms
getTemplateReferences: 0ms
getTemplateReferences: 0ms
getTemplateReferences: 0ms
getTemplateReferences: 0ms
updated: ng - 0ms
getCompletions: 4ms
getCompletions: 7ms
getCompletions: 9ms
getDiagnostics: 0ms
updating project structure from ...
getTemplateReferences: 0ms
getTemplateReferences: 0ms
getTemplateReferences: 0ms
getTemplateReferences: 0ms
getTemplateReferences: 0ms
getTemplateReferences: 0ms
getTemplateReferences: 0ms
getTemplateReferences: 0ms
updated: ng - 23ms
getDiagnostics: 44ms
updating project structure from ...
getTemplateReferences: 0ms
getTemplateReferences: 0ms
getTemplateReferences: 0ms
getTemplateReferences: 0ms
getTemplateReferences: 0ms
getTemplateReferences: 0ms
getTemplateReferences: 0ms
getTemplateReferences: 0ms
updated: ng - 0ms
getCompletions: 12ms
getDiagnostics: 1ms
updating project structure from ...
getTemplateReferences: 0ms
getTemplateReferences: 0ms
getTemplateReferences: 0ms
getTemplateReferences: 0ms
getTemplateReferences: 0ms
getTemplateReferences: 0ms
getTemplateReferences: 0ms
getTemplateReferences: 0ms
updated: ng - 48ms
remove project: c:/Users/USUARIO/Documents/ambiente/semilleroHBT/ambiente/semillero-hbt/semillero-padre/semillero-web/src/main/angular/src/app/nucleo/capa/main/creacion-personas/creacion-personas.component.html
Search path: c:/Users/USUARIO/Documents/ambiente/semilleroHBT/ambiente/semillero-hbt/semillero-padre/semillero-web/src/main/angular/src/app/nucleo/capa/main/creacion-personas
Config file name: c:/Users/USUARIO/Documents/ambiente/semilleroHBT/ambiente/semillero-hbt/semillero-padre/semillero-web/src/main/angular/tsconfig.json
getTemplateReferences: 0ms
getTemplateReferences: 0ms
Angular Language Service: 5.2.2-250c8da
TypeScript: 2.6.2
getTemplateReferences: 716ms
updating project structure from ...
getTemplateReferences: 0ms
getTemplateReferences: 0ms
getTemplateReferences: 0ms
getTemplateReferences: 0ms
getTemplateReferences: 0ms
getTemplateReferences: 0ms
getTemplateReferences: 0ms
getTemplateReferences: 0ms
updated: ng - 53ms
getDiagnostics: 0ms
Search path: c:/Users/USUARIO/Documents/ambiente/semilleroHBT/ambiente/semillero-hbt/semillero-padre/semillero-web/src/main/angular/src/app/nucleo/capa/main/creacion-personas
Config file name: c:/Users/USUARIO/Documents/ambiente/semilleroHBT/ambiente/semillero-hbt/semillero-padre/semillero-web/src/main/angular/tsconfig.json
getTemplateReferences: 139ms
getDiagnostics: 15ms
getDiagnostics: 149ms
getCompletions: 111ms
getDiagnostics: 171ms
getDiagnostics: 117ms
updating project structure from ...
getTemplateReferences: 39ms
getTemplateReferences: 0ms
getTemplateReferences: 0ms
getTemplateReferences: 0ms
getTemplateReferences: 0ms
getTemplateReferences: 0ms
getTemplateReferences: 0ms
getTemplateReferences: 0ms
updated: ng - 0ms
getCompletions: 0ms
getDiagnostics: 156ms
updating project structure from ...
getTemplateReferences: 110ms
getTemplateReferences: 0ms
getTemplateReferences: 0ms
getTemplateReferences: 0ms
getTemplateReferences: 0ms
getTemplateReferences: 0ms
getTemplateReferences: 0ms
getTemplateReferences: 0ms
updated: ng - 0ms
getDiagnostics: 103ms
getCompletions: 27ms
getDiagnostics: 203ms
getDiagnostics: 58ms
updating project structure from ...
getTemplateReferences: 35ms
getTemplateReferences: 0ms
getTemplateReferences: 0ms
getTemplateReferences: 0ms
getTemplateReferences: 0ms
getTemplateReferences: 0ms
getTemplateReferences: 0ms
getTemplateReferences: 0ms
updated: ng - 0ms
getCompletions: 171ms
getCompletions: 106ms
getDiagnostics: 148ms
getDiagnostics: 167ms
updating project structure from ...
getTemplateReferences: 0ms
getTemplateReferences: 0ms
getTemplateReferences: 0ms
getTemplateReferences: 0ms
getTemplateReferences: 0ms
getTemplateReferences: 0ms
getTemplateReferences: 0ms
getTemplateReferences: 0ms
updated: ng - 0ms
getDiagnostics: 178ms
updating project structure from ...
getTemplateReferences: 77ms
getTemplateReferences: 0ms
getTemplateReferences: 0ms
getTemplateReferences: 0ms
getTemplateReferences: 0ms
getTemplateReferences: 0ms
getTemplateReferences: 0ms
getTemplateReferences: 0ms
updated: ng - 0ms
getDiagnostics: 131ms
updating project structure from ...
getTemplateReferences: 48ms
getTemplateReferences: 0ms
getTemplateReferences: 0ms
getTemplateReferences: 0ms
getTemplateReferences: 0ms
getTemplateReferences: 0ms
getTemplateReferences: 0ms
getTemplateReferences: 0ms
updated: ng - 0ms
getHoverAt: 0ms
getHoverAt: 0ms
getCompletions: 136ms
getDiagnostics: 136ms
updating project structure from ...
getTemplateReferences: 52ms
getTemplateReferences: 0ms
getTemplateReferences: 0ms
getTemplateReferences: 0ms
getTemplateReferences: 0ms
getTemplateReferences: 0ms
getTemplateReferences: 0ms
getTemplateReferences: 0ms
updated: ng - 0ms
getDiagnostics: 92ms
updating project structure from ...
getTemplateReferences: 28ms
getTemplateReferences: 0ms
getTemplateReferences: 0ms
getTemplateReferences: 0ms
getTemplateReferences: 0ms
getTemplateReferences: 0ms
getTemplateReferences: 0ms
getTemplateReferences: 0ms
updated: ng - 0ms
getHoverAt: 0ms
getHoverAt: 0ms
getDiagnostics: 167ms
updating project structure from ...
getTemplateReferences: 41ms
getTemplateReferences: 0ms
getTemplateReferences: 0ms
getTemplateReferences: 0ms
getTemplateReferences: 0ms
getTemplateReferences: 0ms
getTemplateReferences: 0ms
getTemplateReferences: 0ms
updated: ng - 0ms
getHoverAt: 1ms
getDiagnostics: 55ms
updating project structure from ...
getTemplateReferences: 34ms
getTemplateReferences: 0ms
getTemplateReferences: 0ms
getTemplateReferences: 0ms
getTemplateReferences: 0ms
getTemplateReferences: 0ms
getTemplateReferences: 0ms
getTemplateReferences: 0ms
updated: ng - 0ms
getCompletions: 36ms
getDiagnostics: 29ms
updating project structure from ...
getTemplateReferences: 0ms
getTemplateReferences: 0ms
getTemplateReferences: 0ms
getTemplateReferences: 0ms
getTemplateReferences: 0ms
getTemplateReferences: 0ms
getTemplateReferences: 0ms
getTemplateReferences: 0ms
updated: ng - 52ms
getDiagnostics: 119ms
getDiagnostics: 66ms
updating project structure from ...
getTemplateReferences: 0ms
getTemplateReferences: 0ms
getTemplateReferences: 0ms
getTemplateReferences: 0ms
getTemplateReferences: 0ms
getTemplateReferences: 0ms
getTemplateReferences: 0ms
getTemplateReferences: 0ms
updated: ng - 50ms
getCompletions: 76ms
getDiagnostics: 144ms
updating project structure from ...
getTemplateReferences: 0ms
getTemplateReferences: 0ms
getTemplateReferences: 0ms
getTemplateReferences: 0ms
getTemplateReferences: 0ms
getTemplateReferences: 0ms
getTemplateReferences: 0ms
getTemplateReferences: 0ms
updated: ng - 0ms
getDiagnostics: 58ms
updating project structure from ...
getTemplateReferences: 0ms
getTemplateReferences: 0ms
getTemplateReferences: 0ms
getTemplateReferences: 0ms
getTemplateReferences: 0ms
getTemplateReferences: 0ms
getTemplateReferences: 0ms
getTemplateReferences: 0ms
updated: ng - 33ms
getCompletions: 120ms
getDiagnostics: 232ms
getDiagnostics: 46ms
updating project structure from ...
getTemplateReferences: 0ms
getTemplateReferences: 0ms
getTemplateReferences: 0ms
getTemplateReferences: 0ms
getTemplateReferences: 0ms
getTemplateReferences: 0ms
getTemplateReferences: 0ms
getTemplateReferences: 0ms
updated: ng - 22ms
getDiagnostics: 171ms
updating project structure from ...
getTemplateReferences: 0ms
getTemplateReferences: 0ms
getTemplateReferences: 0ms
getTemplateReferences: 0ms
getTemplateReferences: 0ms
getTemplateReferences: 0ms
getTemplateReferences: 0ms
getTemplateReferences: 0ms
updated: ng - 0ms
getHoverAt: 0ms
getDiagnostics: 61ms
updating project structure from ...
getTemplateReferences: 69ms
getTemplateReferences: 0ms
getTemplateReferences: 0ms
getTemplateReferences: 0ms
getTemplateReferences: 0ms
getTemplateReferences: 0ms
getTemplateReferences: 0ms
getTemplateReferences: 0ms
updated: ng - 0ms
getCompletions: 85ms
getDiagnostics: 102ms
updating project structure from ...
getTemplateReferences: 82ms
getTemplateReferences: 0ms
getTemplateReferences: 0ms
getTemplateReferences: 0ms
getTemplateReferences: 0ms
getTemplateReferences: 0ms
getTemplateReferences: 0ms
getTemplateReferences: 0ms
updated: ng - 0ms
getCompletions: 22ms
getDiagnostics: 71ms
getDiagnostics: 113ms
getCompletions: 24ms
getDiagnostics: 132ms
updating project structure from ...
getTemplateReferences: 41ms
getTemplateReferences: 0ms
getTemplateReferences: 0ms
getTemplateReferences: 0ms
getTemplateReferences: 0ms
getTemplateReferences: 0ms
getTemplateReferences: 0ms
getTemplateReferences: 0ms
updated: ng - 0ms
getDiagnostics: 66ms
updating project structure from ...
getTemplateReferences: 40ms
getTemplateReferences: 0ms
getTemplateReferences: 0ms
getTemplateReferences: 0ms
getTemplateReferences: 0ms
getTemplateReferences: 0ms
getTemplateReferences: 0ms
getTemplateReferences: 0ms
updated: ng - 0ms
getDiagnostics: 150ms
updating project structure from ...
getTemplateReferences: 47ms
getTemplateReferences: 0ms
getTemplateReferences: 0ms
getTemplateReferences: 0ms
getTemplateReferences: 0ms
getTemplateReferences: 0ms
getTemplateReferences: 0ms
getTemplateReferences: 0ms
updated: ng - 0ms
getCompletions: 72ms
getDiagnostics: 49ms
getDiagnostics: 192ms
updating project structure from ...
getTemplateReferences: 0ms
getTemplateReferences: 0ms
getTemplateReferences: 0ms
getTemplateReferences: 0ms
getTemplateReferences: 0ms
getTemplateReferences: 0ms
getTemplateReferences: 0ms
getTemplateReferences: 0ms
updated: ng - 0ms
getCompletions: 98ms
getDiagnostics: 52ms
getCompletions: 0ms
updating project structure from ...
getTemplateReferences: 46ms
getTemplateReferences: 0ms
getTemplateReferences: 0ms
getTemplateReferences: 0ms
getTemplateReferences: 0ms
getTemplateReferences: 0ms
getTemplateReferences: 0ms
getTemplateReferences: 0ms
updated: ng - 0ms
getCompletions: 29ms
getCompletions: 51ms
getCompletions: 36ms
getDiagnostics: 123ms
getCompletions: 65ms
getDiagnostics: 154ms
getCompletions: 100ms
getDiagnostics: 62ms
getCompletions: 71ms
getDiagnostics: 183ms
updating project structure from ...
getTemplateReferences: 0ms
getTemplateReferences: 0ms
getTemplateReferences: 0ms
getTemplateReferences: 0ms
getTemplateReferences: 0ms
getTemplateReferences: 0ms
getTemplateReferences: 0ms
getTemplateReferences: 0ms
updated: ng - 0ms
getCompletions: 22ms
getDiagnostics: 34ms
updating project structure from ...
getTemplateReferences: 36ms
getTemplateReferences: 0ms
getTemplateReferences: 0ms
getTemplateReferences: 1ms
getTemplateReferences: 0ms
getTemplateReferences: 0ms
getTemplateReferences: 0ms
getTemplateReferences: 0ms
updated: ng - 0ms
getDiagnostics: 61ms
updating project structure from ...
getTemplateReferences: 66ms
getTemplateReferences: 0ms
getTemplateReferences: 0ms
getTemplateReferences: 0ms
getTemplateReferences: 0ms
getTemplateReferences: 0ms
getTemplateReferences: 0ms
getTemplateReferences: 0ms
updated: ng - 0ms
getDiagnostics: 121ms
updating project structure from ...
getTemplateReferences: 39ms
getTemplateReferences: 0ms
getTemplateReferences: 0ms
getTemplateReferences: 0ms
getTemplateReferences: 0ms
getTemplateReferences: 0ms
getTemplateReferences: 0ms
getTemplateReferences: 0ms
updated: ng - 0ms
getCompletions: 36ms
getDiagnostics: 57ms
getDiagnostics: 161ms
updating project structure from ...
getTemplateReferences: 0ms
getTemplateReferences: 0ms
getTemplateReferences: 0ms
getTemplateReferences: 0ms
getTemplateReferences: 0ms
getTemplateReferences: 0ms
getTemplateReferences: 0ms
getTemplateReferences: 0ms
updated: ng - 0ms
getDiagnostics: 108ms
updating project structure from ...
getTemplateReferences: 81ms
getTemplateReferences: 0ms
getTemplateReferences: 0ms
getTemplateReferences: 0ms
getTemplateReferences: 0ms
getTemplateReferences: 0ms
getTemplateReferences: 0ms
getTemplateReferences: 0ms
updated: ng - 0ms
getCompletions: 64ms
getCompletions: 36ms
getDiagnostics: 93ms
updating project structure from ...
getTemplateReferences: 42ms
getTemplateReferences: 0ms
getTemplateReferences: 0ms
getTemplateReferences: 0ms
getTemplateReferences: 0ms
getTemplateReferences: 0ms
getTemplateReferences: 0ms
getTemplateReferences: 0ms
updated: ng - 0ms
getDiagnostics: 149ms
getDiagnostics: 131ms
updating project structure from ...
getTemplateReferences: 0ms
getTemplateReferences: 0ms
getTemplateReferences: 0ms
getTemplateReferences: 0ms
getTemplateReferences: 0ms
getTemplateReferences: 0ms
getTemplateReferences: 0ms
getTemplateReferences: 0ms
updated: ng - 0ms
getCompletions: 47ms
getDiagnostics: 74ms
updating project structure from ...
getTemplateReferences: 56ms
getTemplateReferences: 0ms
getTemplateReferences: 0ms
getTemplateReferences: 0ms
getTemplateReferences: 0ms
getTemplateReferences: 0ms
getTemplateReferences: 0ms
getTemplateReferences: 0ms
updated: ng - 0ms
getDiagnostics: 105ms
updating project structure from ...
getTemplateReferences: 56ms
getTemplateReferences: 0ms
getTemplateReferences: 0ms
getTemplateReferences: 0ms
getTemplateReferences: 0ms
getTemplateReferences: 0ms
getTemplateReferences: 0ms
getTemplateReferences: 0ms
updated: ng - 0ms
getDiagnostics: 93ms
updating project structure from ...
getTemplateReferences: 90ms
getTemplateReferences: 0ms
getTemplateReferences: 0ms
getTemplateReferences: 0ms
getTemplateReferences: 0ms
getTemplateReferences: 0ms
getTemplateReferences: 0ms
getTemplateReferences: 0ms
updated: ng - 0ms
getCompletions: 84ms
getDiagnostics: 116ms
updating project structure from ...
getTemplateReferences: 26ms
getTemplateReferences: 0ms
getTemplateReferences: 0ms
getTemplateReferences: 0ms
getTemplateReferences: 0ms
getTemplateReferences: 0ms
getTemplateReferences: 0ms
getTemplateReferences: 0ms
updated: ng - 0ms
getHoverAt: 1ms
getDiagnostics: 9ms
updating project structure from ...
getTemplateReferences: 0ms
getTemplateReferences: 1ms
getTemplateReferences: 0ms
getTemplateReferences: 0ms
getTemplateReferences: 0ms
getTemplateReferences: 0ms
getTemplateReferences: 0ms
getTemplateReferences: 0ms
updated: ng - 25ms
getDiagnostics: 0ms
getCompletions: 78ms
getDiagnostics: 99ms
updating project structure from ...
getTemplateReferences: 25ms
getTemplateReferences: 0ms
getTemplateReferences: 0ms
getTemplateReferences: 0ms
getTemplateReferences: 0ms
getTemplateReferences: 0ms
getTemplateReferences: 0ms
getTemplateReferences: 0ms
updated: ng - 0ms
getDiagnostics: 130ms
updating project structure from ...
getTemplateReferences: 44ms
getTemplateReferences: 0ms
getTemplateReferences: 0ms
getTemplateReferences: 0ms
getTemplateReferences: 0ms
getTemplateReferences: 0ms
getTemplateReferences: 0ms
getTemplateReferences: 0ms
updated: ng - 0ms
getDiagnostics: 61ms
updating project structure from ...
getTemplateReferences: 42ms
getTemplateReferences: 0ms
getTemplateReferences: 0ms
getTemplateReferences: 0ms
getTemplateReferences: 0ms
getTemplateReferences: 0ms
getTemplateReferences: 0ms
getTemplateReferences: 0ms
updated: ng - 0ms
getCompletions: 21ms
getCompletions: 94ms
getDiagnostics: 93ms
getDiagnostics: 194ms
getDiagnostics: 94ms
getDiagnostics: 103ms
updating project structure from ...
getTemplateReferences: 0ms
getTemplateReferences: 0ms
getTemplateReferences: 0ms
getTemplateReferences: 0ms
getTemplateReferences: 0ms
getTemplateReferences: 0ms
getTemplateReferences: 0ms
getTemplateReferences: 0ms
updated: ng - 0ms
getDiagnostics: 72ms
getCompletions: 131ms
getDiagnostics: 230ms
updating project structure from ...
getTemplateReferences: 0ms
getTemplateReferences: 0ms
getTemplateReferences: 0ms
getTemplateReferences: 0ms
getTemplateReferences: 0ms
getTemplateReferences: 0ms
getTemplateReferences: 0ms
getTemplateReferences: 0ms
updated: ng - 0ms
getDiagnostics: 0ms
updating project structure from ...
getTemplateReferences: 0ms
getTemplateReferences: 0ms
getTemplateReferences: 0ms
getTemplateReferences: 0ms
getTemplateReferences: 0ms
getTemplateReferences: 0ms
getTemplateReferences: 0ms
getTemplateReferences: 0ms
updated: ng - 0ms
getDiagnostics: 0ms
updating project structure from ...
getTemplateReferences: 0ms
getTemplateReferences: 0ms
getTemplateReferences: 0ms
getTemplateReferences: 0ms
getTemplateReferences: 0ms
getTemplateReferences: 0ms
getTemplateReferences: 0ms
getTemplateReferences: 0ms
updated: ng - 0ms
getDiagnostics: 89ms
updating project structure from ...
getTemplateReferences: 30ms
getTemplateReferences: 0ms
getTemplateReferences: 0ms
getTemplateReferences: 0ms
getTemplateReferences: 0ms
getTemplateReferences: 0ms
getTemplateReferences: 0ms
getTemplateReferences: 0ms
updated: ng - 0ms
getDiagnostics: 141ms
getCompletions: 30ms
getCompletions: 76ms
getCompletions: 103ms
getDiagnostics: 137ms
updating project structure from ...
getTemplateReferences: 0ms
getTemplateReferences: 0ms
getTemplateReferences: 0ms
getTemplateReferences: 0ms
getTemplateReferences: 0ms
getTemplateReferences: 0ms
getTemplateReferences: 0ms
getTemplateReferences: 0ms
updated: ng - 0ms
getDiagnostics: 1ms
updating project structure from ...
getTemplateReferences: 0ms
getTemplateReferences: 0ms
getTemplateReferences: 0ms
getTemplateReferences: 0ms
getTemplateReferences: 0ms
getTemplateReferences: 0ms
getTemplateReferences: 0ms
getTemplateReferences: 0ms
updated: ng - 0ms
getDiagnostics: 1ms
getHoverAt: 1ms
updating project structure from ...
getTemplateReferences: 0ms
getTemplateReferences: 0ms
getTemplateReferences: 0ms
getTemplateReferences: 0ms
getTemplateReferences: 0ms
getTemplateReferences: 0ms
getTemplateReferences: 0ms
getTemplateReferences: 0ms
updated: ng - 0ms
getDiagnostics: 119ms
getDiagnostics: 160ms
updating project structure from ...
getTemplateReferences: 0ms
getTemplateReferences: 0ms
getTemplateReferences: 0ms
getTemplateReferences: 0ms
getTemplateReferences: 0ms
getTemplateReferences: 0ms
getTemplateReferences: 0ms
getTemplateReferences: 0ms
updated: ng - 0ms
getDiagnostics: 122ms
updating project structure from ...
getTemplateReferences: 74ms
getTemplateReferences: 0ms
getTemplateReferences: 0ms
getTemplateReferences: 0ms
getTemplateReferences: 0ms
getTemplateReferences: 0ms
getTemplateReferences: 0ms
getTemplateReferences: 0ms
updated: ng - 0ms
getDiagnostics: 156ms
updating project structure from ...
getTemplateReferences: 47ms
getTemplateReferences: 0ms
getTemplateReferences: 0ms
getTemplateReferences: 0ms
getTemplateReferences: 0ms
getTemplateReferences: 0ms
getTemplateReferences: 0ms
getTemplateReferences: 0ms
updated: ng - 0ms
getDefinitionAt: 0ms
getHoverAt: 0ms
getDefinitionAt: 0ms
getDiagnostics: 50ms
updating project structure from ...
getTemplateReferences: 55ms
getTemplateReferences: 0ms
getTemplateReferences: 0ms
getTemplateReferences: 0ms
getTemplateReferences: 0ms
getTemplateReferences: 0ms
getTemplateReferences: 0ms
getTemplateReferences: 0ms
updated: ng - 0ms
getDiagnostics: 57ms
getDiagnostics: 224ms
updating project structure from ...
getTemplateReferences: 0ms
getTemplateReferences: 0ms
getTemplateReferences: 0ms
getTemplateReferences: 0ms
getTemplateReferences: 0ms
getTemplateReferences: 0ms
getTemplateReferences: 0ms
getTemplateReferences: 0ms
updated: ng - 0ms
getDiagnostics: 138ms
updating project structure from ...
getTemplateReferences: 43ms
getTemplateReferences: 0ms
getTemplateReferences: 0ms
getTemplateReferences: 0ms
getTemplateReferences: 0ms
getTemplateReferences: 0ms
getTemplateReferences: 0ms
getTemplateReferences: 0ms
updated: ng - 0ms
getHoverAt: 0ms
getDiagnostics: 89ms
updating project structure from ...
getTemplateReferences: 31ms
getTemplateReferences: 0ms
getTemplateReferences: 0ms
getTemplateReferences: 0ms
getTemplateReferences: 0ms
getTemplateReferences: 0ms
getTemplateReferences: 0ms
getTemplateReferences: 0ms
updated: ng - 0ms
getHoverAt: 1ms
getDiagnostics: 106ms
updating project structure from ...
getTemplateReferences: 51ms
getTemplateReferences: 0ms
getTemplateReferences: 0ms
getTemplateReferences: 0ms
getTemplateReferences: 0ms
getTemplateReferences: 0ms
getTemplateReferences: 0ms
getTemplateReferences: 0ms
updated: ng - 0ms
getDiagnostics: 149ms
updating project structure from ...
getTemplateReferences: 32ms
getTemplateReferences: 0ms
getTemplateReferences: 0ms
getTemplateReferences: 0ms
getTemplateReferences: 0ms
getTemplateReferences: 0ms
getTemplateReferences: 0ms
getTemplateReferences: 0ms
updated: ng - 0ms
getDiagnostics: 126ms
updating project structure from ...
getTemplateReferences: 66ms
getTemplateReferences: 0ms
getTemplateReferences: 0ms
getTemplateReferences: 0ms
getTemplateReferences: 0ms
getTemplateReferences: 0ms
getTemplateReferences: 0ms
getTemplateReferences: 0ms
updated: ng - 0ms
[Info  - 10:11:57 PM] c:/Users/USUARIO/Documents/ambiente/semilleroHBT/ambiente/semillero-hbt/semillero-padre/semillero-web/src/main/angular/src/app/nucleo/main/creacion-personas/creacion-personas.component.ts deleted
getTemplateReferences: 0ms
getTemplateReferences: 0ms
Search path: c:/Users/USUARIO/Documents/ambiente/semilleroHBT/ambiente/semillero-hbt/semillero-padre/semillero-web/src/main/angular/src/app/nucleo/capa/main/creacion-personas
Config file name: c:/Users/USUARIO/Documents/ambiente/semilleroHBT/ambiente/semillero-hbt/semillero-padre/semillero-web/src/main/angular/tsconfig.json
getTemplateReferences: 0ms
remove project: c:/Users/USUARIO/Documents/ambiente/semilleroHBT/ambiente/semillero-hbt/semillero-padre/semillero-web/src/main/angular/src/app/nucleo/capa/main/creacion-personas/creacion-personas.component.html
Search path: c:/Users/USUARIO/Documents/ambiente/semilleroHBT/ambiente/semillero-hbt/semillero-padre/semillero-web/src/main/angular/src/app/nucleo/capa/main/creacion-personas
Config file name: c:/Users/USUARIO/Documents/ambiente/semilleroHBT/ambiente/semillero-hbt/semillero-padre/semillero-web/src/main/angular/tsconfig.json
getTemplateReferences: 0ms
getTemplateReferences: 0ms
Angular Language Service: 5.2.2-250c8da
TypeScript: 2.6.2
getTemplateReferences: 524ms
updating project structure from ...
getTemplateReferences: 0ms
getTemplateReferences: 0ms
getTemplateReferences: 0ms
getTemplateReferences: 0ms
getTemplateReferences: 0ms
getTemplateReferences: 0ms
getTemplateReferences: 0ms
getTemplateReferences: 0ms
updated: ng - 56ms
getHoverAt: 1ms
updating project structure from ...
getTemplateReferences: 7ms
getTemplateReferences: 0ms
getTemplateReferences: 0ms
getTemplateReferences: 0ms
getTemplateReferences: 0ms
getTemplateReferences: 0ms
getTemplateReferences: 0ms
getTemplateReferences: 0ms
updated: ng - 0ms
updating project structure from ...
getTemplateReferences: 0ms
getTemplateReferences: 0ms
getTemplateReferences: 0ms
getTemplateReferences: 0ms
getTemplateReferences: 0ms
getTemplateReferences: 0ms
getTemplateReferences: 0ms
getTemplateReferences: 0ms
updated: ng - 0ms
getDiagnostics: 0ms
remove project: c:/Users/USUARIO/Documents/ambiente/semilleroHBT/ambiente/semillero-hbt/semillero-padre/semillero-web/src/main/angular/src/app/nucleo/capa/main/creacion-personas/creacion-personas.component.html
